{"timestamp":"2026-02-21T05:21:58.259668Z","level":"info","event":"DAG bundles loaded: dags-folder, example_dags","logger":"airflow.dag_processing.bundles.manager.DagBundlesManager","filename":"manager.py","lineno":179}
{"timestamp":"2026-02-21T05:21:58.261320Z","level":"info","event":"Filling up the DagBag from /opt/airflow/dags/asn_pipeline_dag.py","logger":"airflow.models.dagbag.DagBag","filename":"dagbag.py","lineno":593}
{"timestamp":"2026-02-21T05:21:58.408309Z","level":"warning","event":"The `airflow.operators.python.PythonOperator` attribute is deprecated. Please use `'airflow.providers.standard.operators.python.PythonOperator'`.","category":"DeprecatedImportWarning","filename":"/opt/airflow/dags/asn_pipeline_dag.py","lineno":2,"logger":"py.warnings"}
{"timestamp":"2026-02-21T05:21:58.444487Z","level":"info","event":"Task instance is in running state","logger":"task.stdout"}
{"timestamp":"2026-02-21T05:21:58.445644Z","level":"info","event":" Previous state of the Task instance: TaskInstanceState.QUEUED","logger":"task.stdout"}
{"timestamp":"2026-02-21T05:21:58.448623Z","level":"info","event":"Current task name:extract_and_load","logger":"task.stdout"}
{"timestamp":"2026-02-21T05:21:58.449530Z","level":"info","event":"Dag name:asn_pipeline","logger":"task.stdout"}
{"timestamp":"2026-02-21T05:21:58.480437Z","level":"info","event":"Downloading: https://ftp.arin.net/pub/stats/arin/delegated-arin-extended-latest","logger":"task.stdout"}
{"timestamp":"2026-02-21T05:22:06.071215Z","level":"info","event":"Completed: https://ftp.arin.net/pub/stats/arin/delegated-arin-extended-latest","logger":"task.stdout"}
{"timestamp":"2026-02-21T05:22:06.072254Z","level":"info","event":"Downloading: https://ftp.ripe.net/pub/stats/ripencc/delegated-ripencc-extended-latest","logger":"task.stdout"}
{"timestamp":"2026-02-21T05:22:42.330266Z","level":"info","event":"ChunkedEncodingError for https://ftp.ripe.net/pub/stats/ripencc/delegated-ripencc-extended-latest, retry 1/5: ('Connection broken: IncompleteRead(2555617 bytes read, 15183138 more expected)', IncompleteRead(2555617 bytes read, 15183138 more expected))","logger":"task.stdout"}
{"timestamp":"2026-02-21T05:23:45.226152Z","level":"info","event":"ChunkedEncodingError for https://ftp.ripe.net/pub/stats/ripencc/delegated-ripencc-extended-latest, retry 2/5: ('Connection broken: IncompleteRead(3587809 bytes read, 14150946 more expected)', IncompleteRead(3587809 bytes read, 14150946 more expected))","logger":"task.stdout"}
{"timestamp":"2026-02-21T05:24:56.648871Z","level":"info","event":"ChunkedEncodingError for https://ftp.ripe.net/pub/stats/ripencc/delegated-ripencc-extended-latest, retry 3/5: ('Connection broken: IncompleteRead(425697 bytes read, 17313058 more expected)', IncompleteRead(425697 bytes read, 17313058 more expected))","logger":"task.stdout"}
{"timestamp":"2026-02-21T05:25:14.766992Z","level":"info","event":"ChunkedEncodingError for https://ftp.ripe.net/pub/stats/ripencc/delegated-ripencc-extended-latest, retry 4/5: ('Connection broken: IncompleteRead(98017 bytes read, 17640738 more expected)', IncompleteRead(98017 bytes read, 17640738 more expected))","logger":"task.stdout"}
{"timestamp":"2026-02-21T05:25:41.077744Z","level":"info","event":"ChunkedEncodingError for https://ftp.ripe.net/pub/stats/ripencc/delegated-ripencc-extended-latest, retry 5/5: ('Connection broken: IncompleteRead(32481 bytes read, 17706274 more expected)', IncompleteRead(32481 bytes read, 17706274 more expected))","logger":"task.stdout"}
{"timestamp":"2026-02-21T05:25:46.073688Z","level":"info","event":"Downloading: https://ftp.apnic.net/pub/stats/apnic/delegated-apnic-extended-latest","logger":"task.stdout"}
{"timestamp":"2026-02-21T05:25:54.653534Z","level":"info","event":"Completed: https://ftp.apnic.net/pub/stats/apnic/delegated-apnic-extended-latest","logger":"task.stdout"}
{"timestamp":"2026-02-21T05:25:54.654746Z","level":"info","event":"Downloading: https://ftp.lacnic.net/pub/stats/lacnic/delegated-lacnic-extended-latest","logger":"task.stdout"}
{"timestamp":"2026-02-21T05:26:04.729588Z","level":"info","event":"Completed: https://ftp.lacnic.net/pub/stats/lacnic/delegated-lacnic-extended-latest","logger":"task.stdout"}
{"timestamp":"2026-02-21T05:26:04.730273Z","level":"info","event":"Downloading: https://ftp.afrinic.net/pub/stats/afrinic/delegated-afrinic-extended-latest","logger":"task.stdout"}
{"timestamp":"2026-02-21T05:27:30.263576Z","level":"info","event":"Completed: https://ftp.afrinic.net/pub/stats/afrinic/delegated-afrinic-extended-latest","logger":"task.stdout"}
{"timestamp":"2026-02-21T05:27:30.264971Z","level":"info","event":"All RIR files processed successfully.","logger":"task.stdout"}
{"timestamp":"2026-02-21T05:27:30.355488Z","level":"info","event":"Done. Returned value was: None","logger":"airflow.task.operators.airflow.providers.standard.operators.python.PythonOperator","filename":"python.py","lineno":216}
{"timestamp":"2026-02-21T05:27:30.440190Z","level":"info","event":"Task instance in success state","logger":"task.stdout"}
{"timestamp":"2026-02-21T05:27:30.441279Z","level":"info","event":" Previous state of the Task instance: TaskInstanceState.RUNNING","logger":"task.stdout"}
{"timestamp":"2026-02-21T05:27:30.453632Z","level":"info","event":"Task operator:<Task(PythonOperator): extract_and_load>","logger":"task.stdout"}
