{"timestamp":"2026-02-21T08:03:26.012641Z","level":"info","event":"DAG bundles loaded: dags-folder, example_dags","logger":"airflow.dag_processing.bundles.manager.DagBundlesManager","filename":"manager.py","lineno":179}
{"timestamp":"2026-02-21T08:03:26.014158Z","level":"info","event":"Filling up the DagBag from /opt/airflow/dags/asn_pipeline_dag.py","logger":"airflow.models.dagbag.DagBag","filename":"dagbag.py","lineno":593}
{"timestamp":"2026-02-21T08:03:26.197737Z","level":"warning","event":"The `airflow.operators.python.PythonOperator` attribute is deprecated. Please use `'airflow.providers.standard.operators.python.PythonOperator'`.","category":"DeprecatedImportWarning","filename":"/opt/airflow/dags/asn_pipeline_dag.py","lineno":2,"logger":"py.warnings"}
{"timestamp":"2026-02-21T08:03:26.504091Z","level":"info","event":"Task instance is in running state","logger":"task.stdout"}
{"timestamp":"2026-02-21T08:03:26.505536Z","level":"info","event":" Previous state of the Task instance: TaskInstanceState.QUEUED","logger":"task.stdout"}
{"timestamp":"2026-02-21T08:03:26.506208Z","level":"info","event":"Current task name:extract_asn","logger":"task.stdout"}
{"timestamp":"2026-02-21T08:03:26.507628Z","level":"info","event":"Dag name:asn_pipeline","logger":"task.stdout"}
{"timestamp":"2026-02-21T08:03:26.510879Z","level":"info","event":"Downloading: https://ftp.arin.net/pub/stats/arin/delegated-arin-extended-latest","logger":"task.stdout"}
{"timestamp":"2026-02-21T08:03:35.497808Z","level":"info","event":"Completed: https://ftp.arin.net/pub/stats/arin/delegated-arin-extended-latest","logger":"task.stdout"}
{"timestamp":"2026-02-21T08:03:35.498361Z","level":"info","event":"Downloading: https://ftp.ripe.net/pub/stats/ripencc/delegated-ripencc-extended-latest","logger":"task.stdout"}
{"timestamp":"2026-02-21T08:06:02.966197Z","level":"info","event":"ChunkedEncodingError for https://ftp.ripe.net/pub/stats/ripencc/delegated-ripencc-extended-latest, retry 1/5: ('Connection broken: IncompleteRead(9649889 bytes read, 8088866 more expected)', IncompleteRead(9649889 bytes read, 8088866 more expected))","logger":"task.stdout"}
{"timestamp":"2026-02-21T08:07:20.523758Z","level":"info","event":"ChunkedEncodingError for https://ftp.ripe.net/pub/stats/ripencc/delegated-ripencc-extended-latest, retry 2/5: ('Connection broken: IncompleteRead(3899105 bytes read, 13839650 more expected)', IncompleteRead(3899105 bytes read, 13839650 more expected))","logger":"task.stdout"}
{"timestamp":"2026-02-21T08:07:59.166203Z","level":"info","event":"ChunkedEncodingError for https://ftp.ripe.net/pub/stats/ripencc/delegated-ripencc-extended-latest, retry 3/5: ('Connection broken: IncompleteRead(736993 bytes read, 17001762 more expected)', IncompleteRead(736993 bytes read, 17001762 more expected))","logger":"task.stdout"}
{"timestamp":"2026-02-21T08:10:16.062340Z","level":"info","event":"ChunkedEncodingError for https://ftp.ripe.net/pub/stats/ripencc/delegated-ripencc-extended-latest, retry 4/5: ('Connection broken: IncompleteRead(16875233 bytes read, 863522 more expected)', IncompleteRead(16875233 bytes read, 863522 more expected))","logger":"task.stdout"}
{"timestamp":"2026-02-21T08:11:17.689166Z","level":"info","event":"ChunkedEncodingError for https://ftp.ripe.net/pub/stats/ripencc/delegated-ripencc-extended-latest, retry 5/5: ('Connection broken: IncompleteRead(7192289 bytes read, 10546466 more expected)', IncompleteRead(7192289 bytes read, 10546466 more expected))","logger":"task.stdout"}
{"timestamp":"2026-02-21T08:11:22.689623Z","level":"info","event":"Downloading: https://ftp.apnic.net/pub/stats/apnic/delegated-apnic-extended-latest","logger":"task.stdout"}
{"timestamp":"2026-02-21T08:11:27.294320Z","level":"info","event":"Completed: https://ftp.apnic.net/pub/stats/apnic/delegated-apnic-extended-latest","logger":"task.stdout"}
{"timestamp":"2026-02-21T08:11:27.294927Z","level":"info","event":"Downloading: https://ftp.lacnic.net/pub/stats/lacnic/delegated-lacnic-extended-latest","logger":"task.stdout"}
{"timestamp":"2026-02-21T08:11:34.909464Z","level":"info","event":"Completed: https://ftp.lacnic.net/pub/stats/lacnic/delegated-lacnic-extended-latest","logger":"task.stdout"}
{"timestamp":"2026-02-21T08:11:34.910891Z","level":"info","event":"Downloading: https://ftp.afrinic.net/pub/stats/afrinic/delegated-afrinic-extended-latest","logger":"task.stdout"}
{"timestamp":"2026-02-21T08:11:54.617186Z","level":"info","event":"Completed: https://ftp.afrinic.net/pub/stats/afrinic/delegated-afrinic-extended-latest","logger":"task.stdout"}
