{"timestamp":"2026-02-25T17:24:08.526301Z","level":"info","event":"DAG bundles loaded: dags-folder, example_dags","logger":"airflow.dag_processing.bundles.manager.DagBundlesManager","filename":"manager.py","lineno":179}
{"timestamp":"2026-02-25T17:24:08.528079Z","level":"info","event":"Filling up the DagBag from /opt/airflow/dags/asn_pipeline_dag.py","logger":"airflow.models.dagbag.DagBag","filename":"dagbag.py","lineno":593}
{"timestamp":"2026-02-25T17:24:08.670375Z","level":"info","event":"Task instance is in running state","logger":"task.stdout"}
{"timestamp":"2026-02-25T17:24:08.671055Z","level":"info","event":" Previous state of the Task instance: TaskInstanceState.QUEUED","logger":"task.stdout"}
{"timestamp":"2026-02-25T17:24:08.671934Z","level":"info","event":"Current task name:enrich_asn","logger":"task.stdout"}
{"timestamp":"2026-02-25T17:24:08.673221Z","level":"info","event":"Dag name:asn_pipeline","logger":"task.stdout"}
{"timestamp":"2026-02-25T17:24:08.720959Z","level":"error","event":"Task failed with exception","logger":"task","filename":"task_runner.py","lineno":1078,"error_detail":[{"exc_type":"UndefinedTable","exc_value":"relation \"asn_registry\" does not exist\nLINE 1: SELECT asn FROM asn_registry LIMIT 20000;\n                        ^\n","exc_notes":[],"syntax_error":null,"is_cause":false,"frames":[{"filename":"/home/airflow/.local/lib/python3.12/site-packages/airflow/sdk/execution_time/task_runner.py","lineno":1004,"name":"run"},{"filename":"/home/airflow/.local/lib/python3.12/site-packages/airflow/sdk/execution_time/task_runner.py","lineno":1405,"name":"_execute_task"},{"filename":"/home/airflow/.local/lib/python3.12/site-packages/airflow/sdk/bases/operator.py","lineno":417,"name":"wrapper"},{"filename":"/home/airflow/.local/lib/python3.12/site-packages/airflow/providers/standard/operators/python.py","lineno":214,"name":"execute"},{"filename":"/home/airflow/.local/lib/python3.12/site-packages/airflow/providers/standard/operators/python.py","lineno":237,"name":"execute_callable"},{"filename":"/home/airflow/.local/lib/python3.12/site-packages/airflow/sdk/execution_time/callback_runner.py","lineno":82,"name":"run"},{"filename":"/opt/airflow/dags/enrich/peering_db.py","lineno":166,"name":"enrich_asn"}],"is_group":false,"exceptions":[]}]}
{"timestamp":"2026-02-25T17:24:08.727259Z","level":"info","event":"Task instance in failure state","logger":"task.stdout"}
{"timestamp":"2026-02-25T17:24:08.727932Z","level":"info","event":"Task start","logger":"task.stdout"}
{"timestamp":"2026-02-25T17:24:08.728483Z","level":"info","event":"Task:<Task(PythonOperator): enrich_asn>","logger":"task.stdout"}
{"timestamp":"2026-02-25T17:24:08.728922Z","level":"info","event":"Failure caused by relation \"asn_registry\" does not exist","logger":"task.stdout"}
{"timestamp":"2026-02-25T17:24:08.729468Z","level":"info","event":"LINE 1: SELECT asn FROM asn_registry LIMIT 20000;","logger":"task.stdout"}
{"timestamp":"2026-02-25T17:24:08.729935Z","level":"info","event":"                        ^","logger":"task.stdout"}
{"timestamp":"2026-02-25T17:24:08.730397Z","level":"info","event":"","logger":"task.stdout"}
{"timestamp":"2026-02-25T17:53:09.896137Z","level":"info","event":"DAG bundles loaded: dags-folder, example_dags","logger":"airflow.dag_processing.bundles.manager.DagBundlesManager","filename":"manager.py","lineno":179}
{"timestamp":"2026-02-25T17:53:09.898641Z","level":"info","event":"Filling up the DagBag from /opt/airflow/dags/asn_pipeline_dag.py","logger":"airflow.models.dagbag.DagBag","filename":"dagbag.py","lineno":593}
{"timestamp":"2026-02-25T17:53:10.076369Z","level":"info","event":"Task instance is in running state","logger":"task.stdout"}
{"timestamp":"2026-02-25T17:53:10.077214Z","level":"info","event":" Previous state of the Task instance: TaskInstanceState.QUEUED","logger":"task.stdout"}
{"timestamp":"2026-02-25T17:53:10.082998Z","level":"info","event":"Current task name:enrich_asn","logger":"task.stdout"}
{"timestamp":"2026-02-25T17:53:10.083936Z","level":"info","event":"Dag name:asn_pipeline","logger":"task.stdout"}
{"timestamp":"2026-02-25T17:53:10.197584Z","level":"error","event":"Task failed with exception","logger":"task","filename":"task_runner.py","lineno":1078,"error_detail":[{"exc_type":"UndefinedTable","exc_value":"relation \"asn_registry\" does not exist\nLINE 1: SELECT asn FROM asn_registry LIMIT 20000;\n                        ^\n","exc_notes":[],"syntax_error":null,"is_cause":false,"frames":[{"filename":"/home/airflow/.local/lib/python3.12/site-packages/airflow/sdk/execution_time/task_runner.py","lineno":1004,"name":"run"},{"filename":"/home/airflow/.local/lib/python3.12/site-packages/airflow/sdk/execution_time/task_runner.py","lineno":1405,"name":"_execute_task"},{"filename":"/home/airflow/.local/lib/python3.12/site-packages/airflow/sdk/bases/operator.py","lineno":417,"name":"wrapper"},{"filename":"/home/airflow/.local/lib/python3.12/site-packages/airflow/providers/standard/operators/python.py","lineno":214,"name":"execute"},{"filename":"/home/airflow/.local/lib/python3.12/site-packages/airflow/providers/standard/operators/python.py","lineno":237,"name":"execute_callable"},{"filename":"/home/airflow/.local/lib/python3.12/site-packages/airflow/sdk/execution_time/callback_runner.py","lineno":82,"name":"run"},{"filename":"/opt/airflow/dags/enrich/peering_db.py","lineno":166,"name":"enrich_asn"}],"is_group":false,"exceptions":[]}]}
{"timestamp":"2026-02-25T17:53:10.206403Z","level":"info","event":"Task instance in failure state","logger":"task.stdout"}
{"timestamp":"2026-02-25T17:53:10.207101Z","level":"info","event":"Task start","logger":"task.stdout"}
{"timestamp":"2026-02-25T17:53:10.207548Z","level":"info","event":"Task:<Task(PythonOperator): enrich_asn>","logger":"task.stdout"}
{"timestamp":"2026-02-25T17:53:10.207903Z","level":"info","event":"Failure caused by relation \"asn_registry\" does not exist","logger":"task.stdout"}
{"timestamp":"2026-02-25T17:53:10.208211Z","level":"info","event":"LINE 1: SELECT asn FROM asn_registry LIMIT 20000;","logger":"task.stdout"}
{"timestamp":"2026-02-25T17:53:10.208538Z","level":"info","event":"                        ^","logger":"task.stdout"}
{"timestamp":"2026-02-25T17:53:10.209263Z","level":"info","event":"","logger":"task.stdout"}
{"timestamp":"2026-02-25T18:03:52.142743Z","level":"info","event":"DAG bundles loaded: dags-folder, example_dags","logger":"airflow.dag_processing.bundles.manager.DagBundlesManager","filename":"manager.py","lineno":179}
{"timestamp":"2026-02-25T18:03:52.143926Z","level":"info","event":"Filling up the DagBag from /opt/airflow/dags/asn_pipeline_dag.py","logger":"airflow.models.dagbag.DagBag","filename":"dagbag.py","lineno":593}
{"timestamp":"2026-02-25T18:03:52.229021Z","level":"info","event":"Task instance is in running state","logger":"task.stdout"}
{"timestamp":"2026-02-25T18:03:52.229528Z","level":"info","event":" Previous state of the Task instance: TaskInstanceState.QUEUED","logger":"task.stdout"}
{"timestamp":"2026-02-25T18:03:52.229960Z","level":"info","event":"Current task name:enrich_asn","logger":"task.stdout"}
{"timestamp":"2026-02-25T18:03:52.230219Z","level":"info","event":"Dag name:asn_pipeline","logger":"task.stdout"}
{"timestamp":"2026-02-25T18:03:52.242356Z","level":"info","event":"Done. Returned value was: None","logger":"airflow.task.operators.airflow.providers.standard.operators.python.PythonOperator","filename":"python.py","lineno":216}
{"timestamp":"2026-02-25T18:03:52.258051Z","level":"info","event":"Task instance in success state","logger":"task.stdout"}
{"timestamp":"2026-02-25T18:03:52.258499Z","level":"info","event":" Previous state of the Task instance: TaskInstanceState.RUNNING","logger":"task.stdout"}
{"timestamp":"2026-02-25T18:03:52.258920Z","level":"info","event":"Task operator:<Task(PythonOperator): enrich_asn>","logger":"task.stdout"}
