{"timestamp":"2026-02-20T16:13:16.810239Z","level":"info","event":"Filling up the DagBag from /opt/airflow/dags/asn_pipeline_dag.py","logger":"airflow.models.dagbag.DagBag","filename":"dagbag.py","lineno":593}
{"timestamp":"2026-02-20T16:13:17.121315Z","level":"error","event":"Failed to import: /opt/airflow/dags/asn_pipeline_dag.py","logger":"airflow.models.dagbag.DagBag","filename":"dagbag.py","lineno":415,"error_detail":[{"exc_type":"TypeError","exc_value":"DAG.__init__() got an unexpected keyword argument 'schedule_interval'","exc_notes":[],"syntax_error":null,"is_cause":false,"frames":[{"filename":"/home/airflow/.local/lib/python3.12/site-packages/airflow/models/dagbag.py","lineno":405,"name":"parse"},{"filename":"<frozen importlib._bootstrap_external>","lineno":999,"name":"exec_module"},{"filename":"<frozen importlib._bootstrap>","lineno":488,"name":"_call_with_frames_removed"},{"filename":"/opt/airflow/dags/asn_pipeline_dag.py","lineno":8,"name":"<module>"}],"is_group":false,"exceptions":[]}]}
{"timestamp":"2026-02-20T16:13:17.138595Z","level":"warning","event":"The `airflow.operators.python.PythonOperator` attribute is deprecated. Please use `'airflow.providers.standard.operators.python.PythonOperator'`.","category":"DeprecatedImportWarning","filename":"/opt/airflow/dags/asn_pipeline_dag.py","lineno":2,"logger":"py.warnings"}
{"timestamp":"2026-02-20T16:14:21.089210Z","level":"info","event":"Filling up the DagBag from /opt/airflow/dags/asn_pipeline_dag.py","logger":"airflow.models.dagbag.DagBag","filename":"dagbag.py","lineno":593}
{"timestamp":"2026-02-20T16:14:21.247230Z","level":"error","event":"Failed to import: /opt/airflow/dags/asn_pipeline_dag.py","logger":"airflow.models.dagbag.DagBag","filename":"dagbag.py","lineno":415,"error_detail":[{"exc_type":"TypeError","exc_value":"DAG.__init__() got an unexpected keyword argument 'schedule_interval'","exc_notes":[],"syntax_error":null,"is_cause":false,"frames":[{"filename":"/home/airflow/.local/lib/python3.12/site-packages/airflow/models/dagbag.py","lineno":405,"name":"parse"},{"filename":"<frozen importlib._bootstrap_external>","lineno":999,"name":"exec_module"},{"filename":"<frozen importlib._bootstrap>","lineno":488,"name":"_call_with_frames_removed"},{"filename":"/opt/airflow/dags/asn_pipeline_dag.py","lineno":8,"name":"<module>"}],"is_group":false,"exceptions":[]}]}
{"timestamp":"2026-02-20T16:14:21.263900Z","level":"warning","event":"The `airflow.operators.python.PythonOperator` attribute is deprecated. Please use `'airflow.providers.standard.operators.python.PythonOperator'`.","category":"DeprecatedImportWarning","filename":"/opt/airflow/dags/asn_pipeline_dag.py","lineno":2,"logger":"py.warnings"}
{"timestamp":"2026-02-20T16:14:32.967713Z","level":"info","event":"Filling up the DagBag from /opt/airflow/dags/asn_pipeline_dag.py","logger":"airflow.models.dagbag.DagBag","filename":"dagbag.py","lineno":593}
{"timestamp":"2026-02-20T16:14:33.166987Z","level":"warning","event":"The `airflow.operators.python.PythonOperator` attribute is deprecated. Please use `'airflow.providers.standard.operators.python.PythonOperator'`.","category":"DeprecatedImportWarning","filename":"/opt/airflow/dags/asn_pipeline_dag.py","lineno":2,"logger":"py.warnings"}
{"timestamp":"2026-02-20T16:15:06.388403Z","level":"info","event":"Filling up the DagBag from /opt/airflow/dags/asn_pipeline_dag.py","logger":"airflow.models.dagbag.DagBag","filename":"dagbag.py","lineno":593}
{"timestamp":"2026-02-20T16:15:06.542329Z","level":"warning","event":"The `airflow.operators.python.PythonOperator` attribute is deprecated. Please use `'airflow.providers.standard.operators.python.PythonOperator'`.","category":"DeprecatedImportWarning","filename":"/opt/airflow/dags/asn_pipeline_dag.py","lineno":2,"logger":"py.warnings"}
{"timestamp":"2026-02-20T16:18:23.252506Z","level":"info","event":"Filling up the DagBag from /opt/airflow/dags/asn_pipeline_dag.py","logger":"airflow.models.dagbag.DagBag","filename":"dagbag.py","lineno":593}
{"timestamp":"2026-02-20T16:18:23.393922Z","level":"warning","event":"The `airflow.operators.python.PythonOperator` attribute is deprecated. Please use `'airflow.providers.standard.operators.python.PythonOperator'`.","category":"DeprecatedImportWarning","filename":"/opt/airflow/dags/asn_pipeline_dag.py","lineno":2,"logger":"py.warnings"}
{"timestamp":"2026-02-20T16:19:27.702568Z","level":"info","event":"Filling up the DagBag from /opt/airflow/dags/asn_pipeline_dag.py","logger":"airflow.models.dagbag.DagBag","filename":"dagbag.py","lineno":593}
{"timestamp":"2026-02-20T16:19:27.863297Z","level":"warning","event":"The `airflow.operators.python.PythonOperator` attribute is deprecated. Please use `'airflow.providers.standard.operators.python.PythonOperator'`.","category":"DeprecatedImportWarning","filename":"/opt/airflow/dags/asn_pipeline_dag.py","lineno":2,"logger":"py.warnings"}
{"timestamp":"2026-02-20T16:20:00.955571Z","level":"info","event":"Filling up the DagBag from /opt/airflow/dags/asn_pipeline_dag.py","logger":"airflow.models.dagbag.DagBag","filename":"dagbag.py","lineno":593}
{"timestamp":"2026-02-20T16:20:01.650454Z","level":"warning","event":"The `airflow.operators.python.PythonOperator` attribute is deprecated. Please use `'airflow.providers.standard.operators.python.PythonOperator'`.","category":"DeprecatedImportWarning","filename":"/opt/airflow/dags/asn_pipeline_dag.py","lineno":2,"logger":"py.warnings"}
{"timestamp":"2026-02-20T16:20:31.939187Z","level":"info","event":"Filling up the DagBag from /opt/airflow/dags/asn_pipeline_dag.py","logger":"airflow.models.dagbag.DagBag","filename":"dagbag.py","lineno":593}
{"timestamp":"2026-02-20T16:20:32.067413Z","level":"warning","event":"The `airflow.operators.python.PythonOperator` attribute is deprecated. Please use `'airflow.providers.standard.operators.python.PythonOperator'`.","category":"DeprecatedImportWarning","filename":"/opt/airflow/dags/asn_pipeline_dag.py","lineno":2,"logger":"py.warnings"}
{"timestamp":"2026-02-20T16:21:03.045133Z","level":"info","event":"Filling up the DagBag from /opt/airflow/dags/asn_pipeline_dag.py","logger":"airflow.models.dagbag.DagBag","filename":"dagbag.py","lineno":593}
{"timestamp":"2026-02-20T16:21:03.145500Z","level":"warning","event":"The `airflow.operators.python.PythonOperator` attribute is deprecated. Please use `'airflow.providers.standard.operators.python.PythonOperator'`.","category":"DeprecatedImportWarning","filename":"/opt/airflow/dags/asn_pipeline_dag.py","lineno":2,"logger":"py.warnings"}
{"timestamp":"2026-02-20T16:21:33.832419Z","level":"info","event":"Filling up the DagBag from /opt/airflow/dags/asn_pipeline_dag.py","logger":"airflow.models.dagbag.DagBag","filename":"dagbag.py","lineno":593}
{"timestamp":"2026-02-20T16:21:33.954047Z","level":"warning","event":"The `airflow.operators.python.PythonOperator` attribute is deprecated. Please use `'airflow.providers.standard.operators.python.PythonOperator'`.","category":"DeprecatedImportWarning","filename":"/opt/airflow/dags/asn_pipeline_dag.py","lineno":2,"logger":"py.warnings"}
{"timestamp":"2026-02-20T16:22:05.960286Z","level":"info","event":"Filling up the DagBag from /opt/airflow/dags/asn_pipeline_dag.py","logger":"airflow.models.dagbag.DagBag","filename":"dagbag.py","lineno":593}
{"timestamp":"2026-02-20T16:22:06.634119Z","level":"warning","event":"The `airflow.operators.python.PythonOperator` attribute is deprecated. Please use `'airflow.providers.standard.operators.python.PythonOperator'`.","category":"DeprecatedImportWarning","filename":"/opt/airflow/dags/asn_pipeline_dag.py","lineno":2,"logger":"py.warnings"}
{"timestamp":"2026-02-20T16:22:37.177105Z","level":"info","event":"Filling up the DagBag from /opt/airflow/dags/asn_pipeline_dag.py","logger":"airflow.models.dagbag.DagBag","filename":"dagbag.py","lineno":593}
{"timestamp":"2026-02-20T16:22:37.469698Z","level":"warning","event":"The `airflow.operators.python.PythonOperator` attribute is deprecated. Please use `'airflow.providers.standard.operators.python.PythonOperator'`.","category":"DeprecatedImportWarning","filename":"/opt/airflow/dags/asn_pipeline_dag.py","lineno":2,"logger":"py.warnings"}
{"timestamp":"2026-02-20T16:23:07.969160Z","level":"info","event":"Filling up the DagBag from /opt/airflow/dags/asn_pipeline_dag.py","logger":"airflow.models.dagbag.DagBag","filename":"dagbag.py","lineno":593}
{"timestamp":"2026-02-20T16:23:08.074238Z","level":"warning","event":"The `airflow.operators.python.PythonOperator` attribute is deprecated. Please use `'airflow.providers.standard.operators.python.PythonOperator'`.","category":"DeprecatedImportWarning","filename":"/opt/airflow/dags/asn_pipeline_dag.py","lineno":2,"logger":"py.warnings"}
{"timestamp":"2026-02-20T16:23:36.974813Z","level":"info","event":"Filling up the DagBag from /opt/airflow/dags/asn_pipeline_dag.py","logger":"airflow.models.dagbag.DagBag","filename":"dagbag.py","lineno":593}
{"timestamp":"2026-02-20T16:23:37.008913Z","level":"error","event":"Failed to import: /opt/airflow/dags/asn_pipeline_dag.py","logger":"airflow.models.dagbag.DagBag","filename":"dagbag.py","lineno":415,"error_detail":[{"exc_type":"IndentationError","exc_value":"unexpected indent (asn_pipeline_dag.py, line 19)","exc_notes":[],"syntax_error":{"offset":4,"filename":"/opt/airflow/dags/asn_pipeline_dag.py","line":"    load_task = PythonOperator(\n","lineno":19,"msg":"unexpected indent"},"is_cause":false,"frames":[{"filename":"/home/airflow/.local/lib/python3.12/site-packages/airflow/models/dagbag.py","lineno":405,"name":"parse"},{"filename":"<frozen importlib._bootstrap_external>","lineno":995,"name":"exec_module"},{"filename":"<frozen importlib._bootstrap_external>","lineno":1133,"name":"get_code"},{"filename":"<frozen importlib._bootstrap_external>","lineno":1063,"name":"source_to_code"},{"filename":"<frozen importlib._bootstrap>","lineno":488,"name":"_call_with_frames_removed"}],"is_group":false,"exceptions":[]}]}
{"timestamp":"2026-02-20T16:23:39.199239Z","level":"info","event":"Filling up the DagBag from /opt/airflow/dags/asn_pipeline_dag.py","logger":"airflow.models.dagbag.DagBag","filename":"dagbag.py","lineno":593}
{"timestamp":"2026-02-20T16:23:39.332536Z","level":"warning","event":"The `airflow.operators.python.PythonOperator` attribute is deprecated. Please use `'airflow.providers.standard.operators.python.PythonOperator'`.","category":"DeprecatedImportWarning","filename":"/opt/airflow/dags/asn_pipeline_dag.py","lineno":2,"logger":"py.warnings"}
{"timestamp":"2026-02-20T16:24:09.474331Z","level":"info","event":"Filling up the DagBag from /opt/airflow/dags/asn_pipeline_dag.py","logger":"airflow.models.dagbag.DagBag","filename":"dagbag.py","lineno":593}
{"timestamp":"2026-02-20T16:24:09.558068Z","level":"warning","event":"The `airflow.operators.python.PythonOperator` attribute is deprecated. Please use `'airflow.providers.standard.operators.python.PythonOperator'`.","category":"DeprecatedImportWarning","filename":"/opt/airflow/dags/asn_pipeline_dag.py","lineno":2,"logger":"py.warnings"}
{"timestamp":"2026-02-20T16:24:40.025814Z","level":"info","event":"Filling up the DagBag from /opt/airflow/dags/asn_pipeline_dag.py","logger":"airflow.models.dagbag.DagBag","filename":"dagbag.py","lineno":593}
{"timestamp":"2026-02-20T16:24:40.184218Z","level":"warning","event":"The `airflow.operators.python.PythonOperator` attribute is deprecated. Please use `'airflow.providers.standard.operators.python.PythonOperator'`.","category":"DeprecatedImportWarning","filename":"/opt/airflow/dags/asn_pipeline_dag.py","lineno":2,"logger":"py.warnings"}
{"timestamp":"2026-02-20T16:25:13.094022Z","level":"info","event":"Filling up the DagBag from /opt/airflow/dags/asn_pipeline_dag.py","logger":"airflow.models.dagbag.DagBag","filename":"dagbag.py","lineno":593}
{"timestamp":"2026-02-20T16:25:13.280089Z","level":"warning","event":"The `airflow.operators.python.PythonOperator` attribute is deprecated. Please use `'airflow.providers.standard.operators.python.PythonOperator'`.","category":"DeprecatedImportWarning","filename":"/opt/airflow/dags/asn_pipeline_dag.py","lineno":2,"logger":"py.warnings"}
{"timestamp":"2026-02-20T16:28:58.042004Z","level":"info","event":"Filling up the DagBag from /opt/airflow/dags/asn_pipeline_dag.py","logger":"airflow.models.dagbag.DagBag","filename":"dagbag.py","lineno":593}
{"timestamp":"2026-02-20T16:28:58.195134Z","level":"warning","event":"The `airflow.operators.python.PythonOperator` attribute is deprecated. Please use `'airflow.providers.standard.operators.python.PythonOperator'`.","category":"DeprecatedImportWarning","filename":"/opt/airflow/dags/asn_pipeline_dag.py","lineno":2,"logger":"py.warnings"}
{"timestamp":"2026-02-20T16:29:47.894466Z","level":"info","event":"Filling up the DagBag from /opt/airflow/dags/asn_pipeline_dag.py","logger":"airflow.models.dagbag.DagBag","filename":"dagbag.py","lineno":593}
{"timestamp":"2026-02-20T16:29:48.034297Z","level":"warning","event":"The `airflow.operators.python.PythonOperator` attribute is deprecated. Please use `'airflow.providers.standard.operators.python.PythonOperator'`.","category":"DeprecatedImportWarning","filename":"/opt/airflow/dags/asn_pipeline_dag.py","lineno":2,"logger":"py.warnings"}
{"timestamp":"2026-02-20T16:30:19.434874Z","level":"info","event":"Filling up the DagBag from /opt/airflow/dags/asn_pipeline_dag.py","logger":"airflow.models.dagbag.DagBag","filename":"dagbag.py","lineno":593}
{"timestamp":"2026-02-20T16:30:19.556686Z","level":"warning","event":"The `airflow.operators.python.PythonOperator` attribute is deprecated. Please use `'airflow.providers.standard.operators.python.PythonOperator'`.","category":"DeprecatedImportWarning","filename":"/opt/airflow/dags/asn_pipeline_dag.py","lineno":2,"logger":"py.warnings"}
{"timestamp":"2026-02-20T16:30:49.969785Z","level":"info","event":"Filling up the DagBag from /opt/airflow/dags/asn_pipeline_dag.py","logger":"airflow.models.dagbag.DagBag","filename":"dagbag.py","lineno":593}
{"timestamp":"2026-02-20T16:30:50.072118Z","level":"warning","event":"The `airflow.operators.python.PythonOperator` attribute is deprecated. Please use `'airflow.providers.standard.operators.python.PythonOperator'`.","category":"DeprecatedImportWarning","filename":"/opt/airflow/dags/asn_pipeline_dag.py","lineno":2,"logger":"py.warnings"}
{"timestamp":"2026-02-20T16:31:21.169264Z","level":"info","event":"Filling up the DagBag from /opt/airflow/dags/asn_pipeline_dag.py","logger":"airflow.models.dagbag.DagBag","filename":"dagbag.py","lineno":593}
{"timestamp":"2026-02-20T16:31:21.358475Z","level":"warning","event":"The `airflow.operators.python.PythonOperator` attribute is deprecated. Please use `'airflow.providers.standard.operators.python.PythonOperator'`.","category":"DeprecatedImportWarning","filename":"/opt/airflow/dags/asn_pipeline_dag.py","lineno":2,"logger":"py.warnings"}
{"timestamp":"2026-02-20T16:31:54.664951Z","level":"info","event":"Filling up the DagBag from /opt/airflow/dags/asn_pipeline_dag.py","logger":"airflow.models.dagbag.DagBag","filename":"dagbag.py","lineno":593}
{"timestamp":"2026-02-20T16:31:54.887674Z","level":"warning","event":"The `airflow.operators.python.PythonOperator` attribute is deprecated. Please use `'airflow.providers.standard.operators.python.PythonOperator'`.","category":"DeprecatedImportWarning","filename":"/opt/airflow/dags/asn_pipeline_dag.py","lineno":2,"logger":"py.warnings"}
{"timestamp":"2026-02-20T16:32:26.615357Z","level":"info","event":"Filling up the DagBag from /opt/airflow/dags/asn_pipeline_dag.py","logger":"airflow.models.dagbag.DagBag","filename":"dagbag.py","lineno":593}
{"timestamp":"2026-02-20T16:32:26.720780Z","level":"warning","event":"The `airflow.operators.python.PythonOperator` attribute is deprecated. Please use `'airflow.providers.standard.operators.python.PythonOperator'`.","category":"DeprecatedImportWarning","filename":"/opt/airflow/dags/asn_pipeline_dag.py","lineno":2,"logger":"py.warnings"}
{"timestamp":"2026-02-20T16:32:57.207908Z","level":"info","event":"Filling up the DagBag from /opt/airflow/dags/asn_pipeline_dag.py","logger":"airflow.models.dagbag.DagBag","filename":"dagbag.py","lineno":593}
{"timestamp":"2026-02-20T16:32:57.337353Z","level":"warning","event":"The `airflow.operators.python.PythonOperator` attribute is deprecated. Please use `'airflow.providers.standard.operators.python.PythonOperator'`.","category":"DeprecatedImportWarning","filename":"/opt/airflow/dags/asn_pipeline_dag.py","lineno":2,"logger":"py.warnings"}
{"timestamp":"2026-02-20T16:33:27.561845Z","level":"info","event":"Filling up the DagBag from /opt/airflow/dags/asn_pipeline_dag.py","logger":"airflow.models.dagbag.DagBag","filename":"dagbag.py","lineno":593}
{"timestamp":"2026-02-20T16:33:27.756123Z","level":"warning","event":"The `airflow.operators.python.PythonOperator` attribute is deprecated. Please use `'airflow.providers.standard.operators.python.PythonOperator'`.","category":"DeprecatedImportWarning","filename":"/opt/airflow/dags/asn_pipeline_dag.py","lineno":2,"logger":"py.warnings"}
{"timestamp":"2026-02-20T16:33:58.419499Z","level":"info","event":"Filling up the DagBag from /opt/airflow/dags/asn_pipeline_dag.py","logger":"airflow.models.dagbag.DagBag","filename":"dagbag.py","lineno":593}
{"timestamp":"2026-02-20T16:33:58.580107Z","level":"warning","event":"The `airflow.operators.python.PythonOperator` attribute is deprecated. Please use `'airflow.providers.standard.operators.python.PythonOperator'`.","category":"DeprecatedImportWarning","filename":"/opt/airflow/dags/asn_pipeline_dag.py","lineno":2,"logger":"py.warnings"}
{"timestamp":"2026-02-20T16:34:29.782237Z","level":"info","event":"Filling up the DagBag from /opt/airflow/dags/asn_pipeline_dag.py","logger":"airflow.models.dagbag.DagBag","filename":"dagbag.py","lineno":593}
{"timestamp":"2026-02-20T16:34:29.885012Z","level":"warning","event":"The `airflow.operators.python.PythonOperator` attribute is deprecated. Please use `'airflow.providers.standard.operators.python.PythonOperator'`.","category":"DeprecatedImportWarning","filename":"/opt/airflow/dags/asn_pipeline_dag.py","lineno":2,"logger":"py.warnings"}
{"timestamp":"2026-02-20T16:35:00.426553Z","level":"info","event":"Filling up the DagBag from /opt/airflow/dags/asn_pipeline_dag.py","logger":"airflow.models.dagbag.DagBag","filename":"dagbag.py","lineno":593}
{"timestamp":"2026-02-20T16:35:00.524822Z","level":"warning","event":"The `airflow.operators.python.PythonOperator` attribute is deprecated. Please use `'airflow.providers.standard.operators.python.PythonOperator'`.","category":"DeprecatedImportWarning","filename":"/opt/airflow/dags/asn_pipeline_dag.py","lineno":2,"logger":"py.warnings"}
{"timestamp":"2026-02-20T16:35:30.911531Z","level":"info","event":"Filling up the DagBag from /opt/airflow/dags/asn_pipeline_dag.py","logger":"airflow.models.dagbag.DagBag","filename":"dagbag.py","lineno":593}
{"timestamp":"2026-02-20T16:35:31.026851Z","level":"warning","event":"The `airflow.operators.python.PythonOperator` attribute is deprecated. Please use `'airflow.providers.standard.operators.python.PythonOperator'`.","category":"DeprecatedImportWarning","filename":"/opt/airflow/dags/asn_pipeline_dag.py","lineno":2,"logger":"py.warnings"}
{"timestamp":"2026-02-20T16:36:01.334448Z","level":"info","event":"Filling up the DagBag from /opt/airflow/dags/asn_pipeline_dag.py","logger":"airflow.models.dagbag.DagBag","filename":"dagbag.py","lineno":593}
{"timestamp":"2026-02-20T16:36:01.441681Z","level":"warning","event":"The `airflow.operators.python.PythonOperator` attribute is deprecated. Please use `'airflow.providers.standard.operators.python.PythonOperator'`.","category":"DeprecatedImportWarning","filename":"/opt/airflow/dags/asn_pipeline_dag.py","lineno":2,"logger":"py.warnings"}
{"timestamp":"2026-02-20T16:36:31.715917Z","level":"info","event":"Filling up the DagBag from /opt/airflow/dags/asn_pipeline_dag.py","logger":"airflow.models.dagbag.DagBag","filename":"dagbag.py","lineno":593}
{"timestamp":"2026-02-20T16:36:31.823479Z","level":"warning","event":"The `airflow.operators.python.PythonOperator` attribute is deprecated. Please use `'airflow.providers.standard.operators.python.PythonOperator'`.","category":"DeprecatedImportWarning","filename":"/opt/airflow/dags/asn_pipeline_dag.py","lineno":2,"logger":"py.warnings"}
{"timestamp":"2026-02-20T16:37:02.180995Z","level":"info","event":"Filling up the DagBag from /opt/airflow/dags/asn_pipeline_dag.py","logger":"airflow.models.dagbag.DagBag","filename":"dagbag.py","lineno":593}
{"timestamp":"2026-02-20T16:37:02.262869Z","level":"warning","event":"The `airflow.operators.python.PythonOperator` attribute is deprecated. Please use `'airflow.providers.standard.operators.python.PythonOperator'`.","category":"DeprecatedImportWarning","filename":"/opt/airflow/dags/asn_pipeline_dag.py","lineno":2,"logger":"py.warnings"}
{"timestamp":"2026-02-20T16:37:33.060061Z","level":"info","event":"Filling up the DagBag from /opt/airflow/dags/asn_pipeline_dag.py","logger":"airflow.models.dagbag.DagBag","filename":"dagbag.py","lineno":593}
{"timestamp":"2026-02-20T16:37:33.143315Z","level":"warning","event":"The `airflow.operators.python.PythonOperator` attribute is deprecated. Please use `'airflow.providers.standard.operators.python.PythonOperator'`.","category":"DeprecatedImportWarning","filename":"/opt/airflow/dags/asn_pipeline_dag.py","lineno":2,"logger":"py.warnings"}
{"timestamp":"2026-02-20T16:38:03.364005Z","level":"info","event":"Filling up the DagBag from /opt/airflow/dags/asn_pipeline_dag.py","logger":"airflow.models.dagbag.DagBag","filename":"dagbag.py","lineno":593}
{"timestamp":"2026-02-20T16:38:03.444732Z","level":"warning","event":"The `airflow.operators.python.PythonOperator` attribute is deprecated. Please use `'airflow.providers.standard.operators.python.PythonOperator'`.","category":"DeprecatedImportWarning","filename":"/opt/airflow/dags/asn_pipeline_dag.py","lineno":2,"logger":"py.warnings"}
{"timestamp":"2026-02-20T16:38:34.013322Z","level":"info","event":"Filling up the DagBag from /opt/airflow/dags/asn_pipeline_dag.py","logger":"airflow.models.dagbag.DagBag","filename":"dagbag.py","lineno":593}
{"timestamp":"2026-02-20T16:38:34.069889Z","level":"warning","event":"The `airflow.operators.python.PythonOperator` attribute is deprecated. Please use `'airflow.providers.standard.operators.python.PythonOperator'`.","category":"DeprecatedImportWarning","filename":"/opt/airflow/dags/asn_pipeline_dag.py","lineno":2,"logger":"py.warnings"}
{"timestamp":"2026-02-20T16:39:04.805227Z","level":"info","event":"Filling up the DagBag from /opt/airflow/dags/asn_pipeline_dag.py","logger":"airflow.models.dagbag.DagBag","filename":"dagbag.py","lineno":593}
{"timestamp":"2026-02-20T16:39:04.857259Z","level":"warning","event":"The `airflow.operators.python.PythonOperator` attribute is deprecated. Please use `'airflow.providers.standard.operators.python.PythonOperator'`.","category":"DeprecatedImportWarning","filename":"/opt/airflow/dags/asn_pipeline_dag.py","lineno":2,"logger":"py.warnings"}
{"timestamp":"2026-02-20T16:41:13.568561Z","level":"info","event":"Filling up the DagBag from /opt/airflow/dags/asn_pipeline_dag.py","logger":"airflow.models.dagbag.DagBag","filename":"dagbag.py","lineno":593}
{"timestamp":"2026-02-20T16:41:13.923149Z","level":"warning","event":"The `airflow.operators.python.PythonOperator` attribute is deprecated. Please use `'airflow.providers.standard.operators.python.PythonOperator'`.","category":"DeprecatedImportWarning","filename":"/opt/airflow/dags/asn_pipeline_dag.py","lineno":2,"logger":"py.warnings"}
{"timestamp":"2026-02-20T16:41:44.705067Z","level":"info","event":"Filling up the DagBag from /opt/airflow/dags/asn_pipeline_dag.py","logger":"airflow.models.dagbag.DagBag","filename":"dagbag.py","lineno":593}
{"timestamp":"2026-02-20T16:41:44.763137Z","level":"warning","event":"The `airflow.operators.python.PythonOperator` attribute is deprecated. Please use `'airflow.providers.standard.operators.python.PythonOperator'`.","category":"DeprecatedImportWarning","filename":"/opt/airflow/dags/asn_pipeline_dag.py","lineno":2,"logger":"py.warnings"}
{"timestamp":"2026-02-20T16:42:15.013253Z","level":"info","event":"Filling up the DagBag from /opt/airflow/dags/asn_pipeline_dag.py","logger":"airflow.models.dagbag.DagBag","filename":"dagbag.py","lineno":593}
{"timestamp":"2026-02-20T16:42:15.152915Z","level":"warning","event":"The `airflow.operators.python.PythonOperator` attribute is deprecated. Please use `'airflow.providers.standard.operators.python.PythonOperator'`.","category":"DeprecatedImportWarning","filename":"/opt/airflow/dags/asn_pipeline_dag.py","lineno":2,"logger":"py.warnings"}
{"timestamp":"2026-02-20T16:42:46.115234Z","level":"info","event":"Filling up the DagBag from /opt/airflow/dags/asn_pipeline_dag.py","logger":"airflow.models.dagbag.DagBag","filename":"dagbag.py","lineno":593}
{"timestamp":"2026-02-20T16:42:46.226061Z","level":"warning","event":"The `airflow.operators.python.PythonOperator` attribute is deprecated. Please use `'airflow.providers.standard.operators.python.PythonOperator'`.","category":"DeprecatedImportWarning","filename":"/opt/airflow/dags/asn_pipeline_dag.py","lineno":2,"logger":"py.warnings"}
{"timestamp":"2026-02-20T16:43:16.701325Z","level":"info","event":"Filling up the DagBag from /opt/airflow/dags/asn_pipeline_dag.py","logger":"airflow.models.dagbag.DagBag","filename":"dagbag.py","lineno":593}
{"timestamp":"2026-02-20T16:43:16.802110Z","level":"warning","event":"The `airflow.operators.python.PythonOperator` attribute is deprecated. Please use `'airflow.providers.standard.operators.python.PythonOperator'`.","category":"DeprecatedImportWarning","filename":"/opt/airflow/dags/asn_pipeline_dag.py","lineno":2,"logger":"py.warnings"}
{"timestamp":"2026-02-20T16:43:47.331472Z","level":"info","event":"Filling up the DagBag from /opt/airflow/dags/asn_pipeline_dag.py","logger":"airflow.models.dagbag.DagBag","filename":"dagbag.py","lineno":593}
{"timestamp":"2026-02-20T16:43:47.411557Z","level":"warning","event":"The `airflow.operators.python.PythonOperator` attribute is deprecated. Please use `'airflow.providers.standard.operators.python.PythonOperator'`.","category":"DeprecatedImportWarning","filename":"/opt/airflow/dags/asn_pipeline_dag.py","lineno":2,"logger":"py.warnings"}
{"timestamp":"2026-02-20T16:44:18.995374Z","level":"info","event":"Filling up the DagBag from /opt/airflow/dags/asn_pipeline_dag.py","logger":"airflow.models.dagbag.DagBag","filename":"dagbag.py","lineno":593}
{"timestamp":"2026-02-20T16:44:19.207787Z","level":"warning","event":"The `airflow.operators.python.PythonOperator` attribute is deprecated. Please use `'airflow.providers.standard.operators.python.PythonOperator'`.","category":"DeprecatedImportWarning","filename":"/opt/airflow/dags/asn_pipeline_dag.py","lineno":2,"logger":"py.warnings"}
{"timestamp":"2026-02-20T16:44:49.823275Z","level":"info","event":"Filling up the DagBag from /opt/airflow/dags/asn_pipeline_dag.py","logger":"airflow.models.dagbag.DagBag","filename":"dagbag.py","lineno":593}
{"timestamp":"2026-02-20T16:44:49.942789Z","level":"warning","event":"The `airflow.operators.python.PythonOperator` attribute is deprecated. Please use `'airflow.providers.standard.operators.python.PythonOperator'`.","category":"DeprecatedImportWarning","filename":"/opt/airflow/dags/asn_pipeline_dag.py","lineno":2,"logger":"py.warnings"}
{"timestamp":"2026-02-20T16:45:21.554510Z","level":"info","event":"Filling up the DagBag from /opt/airflow/dags/asn_pipeline_dag.py","logger":"airflow.models.dagbag.DagBag","filename":"dagbag.py","lineno":593}
{"timestamp":"2026-02-20T16:45:21.622902Z","level":"warning","event":"The `airflow.operators.python.PythonOperator` attribute is deprecated. Please use `'airflow.providers.standard.operators.python.PythonOperator'`.","category":"DeprecatedImportWarning","filename":"/opt/airflow/dags/asn_pipeline_dag.py","lineno":2,"logger":"py.warnings"}
{"timestamp":"2026-02-20T16:45:52.070294Z","level":"info","event":"Filling up the DagBag from /opt/airflow/dags/asn_pipeline_dag.py","logger":"airflow.models.dagbag.DagBag","filename":"dagbag.py","lineno":593}
{"timestamp":"2026-02-20T16:45:52.152384Z","level":"warning","event":"The `airflow.operators.python.PythonOperator` attribute is deprecated. Please use `'airflow.providers.standard.operators.python.PythonOperator'`.","category":"DeprecatedImportWarning","filename":"/opt/airflow/dags/asn_pipeline_dag.py","lineno":2,"logger":"py.warnings"}
{"timestamp":"2026-02-20T16:46:22.646673Z","level":"info","event":"Filling up the DagBag from /opt/airflow/dags/asn_pipeline_dag.py","logger":"airflow.models.dagbag.DagBag","filename":"dagbag.py","lineno":593}
{"timestamp":"2026-02-20T16:46:22.716935Z","level":"warning","event":"The `airflow.operators.python.PythonOperator` attribute is deprecated. Please use `'airflow.providers.standard.operators.python.PythonOperator'`.","category":"DeprecatedImportWarning","filename":"/opt/airflow/dags/asn_pipeline_dag.py","lineno":2,"logger":"py.warnings"}
{"timestamp":"2026-02-20T16:46:53.006712Z","level":"info","event":"Filling up the DagBag from /opt/airflow/dags/asn_pipeline_dag.py","logger":"airflow.models.dagbag.DagBag","filename":"dagbag.py","lineno":593}
{"timestamp":"2026-02-20T16:46:53.067841Z","level":"warning","event":"The `airflow.operators.python.PythonOperator` attribute is deprecated. Please use `'airflow.providers.standard.operators.python.PythonOperator'`.","category":"DeprecatedImportWarning","filename":"/opt/airflow/dags/asn_pipeline_dag.py","lineno":2,"logger":"py.warnings"}
{"timestamp":"2026-02-20T16:47:24.086443Z","level":"info","event":"Filling up the DagBag from /opt/airflow/dags/asn_pipeline_dag.py","logger":"airflow.models.dagbag.DagBag","filename":"dagbag.py","lineno":593}
{"timestamp":"2026-02-20T16:47:24.135386Z","level":"warning","event":"The `airflow.operators.python.PythonOperator` attribute is deprecated. Please use `'airflow.providers.standard.operators.python.PythonOperator'`.","category":"DeprecatedImportWarning","filename":"/opt/airflow/dags/asn_pipeline_dag.py","lineno":2,"logger":"py.warnings"}
{"timestamp":"2026-02-20T16:47:54.860740Z","level":"info","event":"Filling up the DagBag from /opt/airflow/dags/asn_pipeline_dag.py","logger":"airflow.models.dagbag.DagBag","filename":"dagbag.py","lineno":593}
{"timestamp":"2026-02-20T16:47:54.929412Z","level":"warning","event":"The `airflow.operators.python.PythonOperator` attribute is deprecated. Please use `'airflow.providers.standard.operators.python.PythonOperator'`.","category":"DeprecatedImportWarning","filename":"/opt/airflow/dags/asn_pipeline_dag.py","lineno":2,"logger":"py.warnings"}
{"timestamp":"2026-02-20T17:01:23.974902Z","level":"info","event":"Filling up the DagBag from /opt/airflow/dags/asn_pipeline_dag.py","logger":"airflow.models.dagbag.DagBag","filename":"dagbag.py","lineno":593}
{"timestamp":"2026-02-20T17:01:24.118068Z","level":"warning","event":"The `airflow.operators.python.PythonOperator` attribute is deprecated. Please use `'airflow.providers.standard.operators.python.PythonOperator'`.","category":"DeprecatedImportWarning","filename":"/opt/airflow/dags/asn_pipeline_dag.py","lineno":2,"logger":"py.warnings"}
{"timestamp":"2026-02-20T17:01:54.611061Z","level":"info","event":"Filling up the DagBag from /opt/airflow/dags/asn_pipeline_dag.py","logger":"airflow.models.dagbag.DagBag","filename":"dagbag.py","lineno":593}
{"timestamp":"2026-02-20T17:01:54.680778Z","level":"warning","event":"The `airflow.operators.python.PythonOperator` attribute is deprecated. Please use `'airflow.providers.standard.operators.python.PythonOperator'`.","category":"DeprecatedImportWarning","filename":"/opt/airflow/dags/asn_pipeline_dag.py","lineno":2,"logger":"py.warnings"}
{"timestamp":"2026-02-20T17:02:25.419383Z","level":"info","event":"Filling up the DagBag from /opt/airflow/dags/asn_pipeline_dag.py","logger":"airflow.models.dagbag.DagBag","filename":"dagbag.py","lineno":593}
{"timestamp":"2026-02-20T17:02:25.483434Z","level":"warning","event":"The `airflow.operators.python.PythonOperator` attribute is deprecated. Please use `'airflow.providers.standard.operators.python.PythonOperator'`.","category":"DeprecatedImportWarning","filename":"/opt/airflow/dags/asn_pipeline_dag.py","lineno":2,"logger":"py.warnings"}
{"timestamp":"2026-02-20T17:02:56.280838Z","level":"info","event":"Filling up the DagBag from /opt/airflow/dags/asn_pipeline_dag.py","logger":"airflow.models.dagbag.DagBag","filename":"dagbag.py","lineno":593}
{"timestamp":"2026-02-20T17:02:56.358584Z","level":"warning","event":"The `airflow.operators.python.PythonOperator` attribute is deprecated. Please use `'airflow.providers.standard.operators.python.PythonOperator'`.","category":"DeprecatedImportWarning","filename":"/opt/airflow/dags/asn_pipeline_dag.py","lineno":2,"logger":"py.warnings"}
{"timestamp":"2026-02-20T17:03:26.998280Z","level":"info","event":"Filling up the DagBag from /opt/airflow/dags/asn_pipeline_dag.py","logger":"airflow.models.dagbag.DagBag","filename":"dagbag.py","lineno":593}
{"timestamp":"2026-02-20T17:03:27.067343Z","level":"warning","event":"The `airflow.operators.python.PythonOperator` attribute is deprecated. Please use `'airflow.providers.standard.operators.python.PythonOperator'`.","category":"DeprecatedImportWarning","filename":"/opt/airflow/dags/asn_pipeline_dag.py","lineno":2,"logger":"py.warnings"}
{"timestamp":"2026-02-20T17:03:57.506730Z","level":"info","event":"Filling up the DagBag from /opt/airflow/dags/asn_pipeline_dag.py","logger":"airflow.models.dagbag.DagBag","filename":"dagbag.py","lineno":593}
{"timestamp":"2026-02-20T17:03:57.573067Z","level":"warning","event":"The `airflow.operators.python.PythonOperator` attribute is deprecated. Please use `'airflow.providers.standard.operators.python.PythonOperator'`.","category":"DeprecatedImportWarning","filename":"/opt/airflow/dags/asn_pipeline_dag.py","lineno":2,"logger":"py.warnings"}
{"timestamp":"2026-02-20T17:04:28.163195Z","level":"info","event":"Filling up the DagBag from /opt/airflow/dags/asn_pipeline_dag.py","logger":"airflow.models.dagbag.DagBag","filename":"dagbag.py","lineno":593}
{"timestamp":"2026-02-20T17:04:28.227892Z","level":"warning","event":"The `airflow.operators.python.PythonOperator` attribute is deprecated. Please use `'airflow.providers.standard.operators.python.PythonOperator'`.","category":"DeprecatedImportWarning","filename":"/opt/airflow/dags/asn_pipeline_dag.py","lineno":2,"logger":"py.warnings"}
{"timestamp":"2026-02-20T17:04:58.399096Z","level":"info","event":"Filling up the DagBag from /opt/airflow/dags/asn_pipeline_dag.py","logger":"airflow.models.dagbag.DagBag","filename":"dagbag.py","lineno":593}
{"timestamp":"2026-02-20T17:04:58.526143Z","level":"warning","event":"The `airflow.operators.python.PythonOperator` attribute is deprecated. Please use `'airflow.providers.standard.operators.python.PythonOperator'`.","category":"DeprecatedImportWarning","filename":"/opt/airflow/dags/asn_pipeline_dag.py","lineno":2,"logger":"py.warnings"}
{"timestamp":"2026-02-20T17:05:29.062027Z","level":"info","event":"Filling up the DagBag from /opt/airflow/dags/asn_pipeline_dag.py","logger":"airflow.models.dagbag.DagBag","filename":"dagbag.py","lineno":593}
{"timestamp":"2026-02-20T17:05:29.110500Z","level":"warning","event":"The `airflow.operators.python.PythonOperator` attribute is deprecated. Please use `'airflow.providers.standard.operators.python.PythonOperator'`.","category":"DeprecatedImportWarning","filename":"/opt/airflow/dags/asn_pipeline_dag.py","lineno":2,"logger":"py.warnings"}
{"timestamp":"2026-02-20T17:05:59.542282Z","level":"info","event":"Filling up the DagBag from /opt/airflow/dags/asn_pipeline_dag.py","logger":"airflow.models.dagbag.DagBag","filename":"dagbag.py","lineno":593}
{"timestamp":"2026-02-20T17:05:59.591871Z","level":"warning","event":"The `airflow.operators.python.PythonOperator` attribute is deprecated. Please use `'airflow.providers.standard.operators.python.PythonOperator'`.","category":"DeprecatedImportWarning","filename":"/opt/airflow/dags/asn_pipeline_dag.py","lineno":2,"logger":"py.warnings"}
{"timestamp":"2026-02-20T17:06:29.776084Z","level":"info","event":"Filling up the DagBag from /opt/airflow/dags/asn_pipeline_dag.py","logger":"airflow.models.dagbag.DagBag","filename":"dagbag.py","lineno":593}
{"timestamp":"2026-02-20T17:06:29.829166Z","level":"warning","event":"The `airflow.operators.python.PythonOperator` attribute is deprecated. Please use `'airflow.providers.standard.operators.python.PythonOperator'`.","category":"DeprecatedImportWarning","filename":"/opt/airflow/dags/asn_pipeline_dag.py","lineno":2,"logger":"py.warnings"}
{"timestamp":"2026-02-20T17:07:00.068973Z","level":"info","event":"Filling up the DagBag from /opt/airflow/dags/asn_pipeline_dag.py","logger":"airflow.models.dagbag.DagBag","filename":"dagbag.py","lineno":593}
{"timestamp":"2026-02-20T17:07:00.116041Z","level":"warning","event":"The `airflow.operators.python.PythonOperator` attribute is deprecated. Please use `'airflow.providers.standard.operators.python.PythonOperator'`.","category":"DeprecatedImportWarning","filename":"/opt/airflow/dags/asn_pipeline_dag.py","lineno":2,"logger":"py.warnings"}
{"timestamp":"2026-02-20T17:07:30.602485Z","level":"info","event":"Filling up the DagBag from /opt/airflow/dags/asn_pipeline_dag.py","logger":"airflow.models.dagbag.DagBag","filename":"dagbag.py","lineno":593}
{"timestamp":"2026-02-20T17:07:30.648765Z","level":"warning","event":"The `airflow.operators.python.PythonOperator` attribute is deprecated. Please use `'airflow.providers.standard.operators.python.PythonOperator'`.","category":"DeprecatedImportWarning","filename":"/opt/airflow/dags/asn_pipeline_dag.py","lineno":2,"logger":"py.warnings"}
{"timestamp":"2026-02-20T17:08:00.855890Z","level":"info","event":"Filling up the DagBag from /opt/airflow/dags/asn_pipeline_dag.py","logger":"airflow.models.dagbag.DagBag","filename":"dagbag.py","lineno":593}
{"timestamp":"2026-02-20T17:08:00.906346Z","level":"warning","event":"The `airflow.operators.python.PythonOperator` attribute is deprecated. Please use `'airflow.providers.standard.operators.python.PythonOperator'`.","category":"DeprecatedImportWarning","filename":"/opt/airflow/dags/asn_pipeline_dag.py","lineno":2,"logger":"py.warnings"}
{"timestamp":"2026-02-20T17:08:31.177195Z","level":"info","event":"Filling up the DagBag from /opt/airflow/dags/asn_pipeline_dag.py","logger":"airflow.models.dagbag.DagBag","filename":"dagbag.py","lineno":593}
{"timestamp":"2026-02-20T17:08:31.232607Z","level":"warning","event":"The `airflow.operators.python.PythonOperator` attribute is deprecated. Please use `'airflow.providers.standard.operators.python.PythonOperator'`.","category":"DeprecatedImportWarning","filename":"/opt/airflow/dags/asn_pipeline_dag.py","lineno":2,"logger":"py.warnings"}
{"timestamp":"2026-02-20T17:09:01.663276Z","level":"info","event":"Filling up the DagBag from /opt/airflow/dags/asn_pipeline_dag.py","logger":"airflow.models.dagbag.DagBag","filename":"dagbag.py","lineno":593}
{"timestamp":"2026-02-20T17:09:01.718432Z","level":"warning","event":"The `airflow.operators.python.PythonOperator` attribute is deprecated. Please use `'airflow.providers.standard.operators.python.PythonOperator'`.","category":"DeprecatedImportWarning","filename":"/opt/airflow/dags/asn_pipeline_dag.py","lineno":2,"logger":"py.warnings"}
{"timestamp":"2026-02-20T17:09:31.989419Z","level":"info","event":"Filling up the DagBag from /opt/airflow/dags/asn_pipeline_dag.py","logger":"airflow.models.dagbag.DagBag","filename":"dagbag.py","lineno":593}
{"timestamp":"2026-02-20T17:09:32.045657Z","level":"warning","event":"The `airflow.operators.python.PythonOperator` attribute is deprecated. Please use `'airflow.providers.standard.operators.python.PythonOperator'`.","category":"DeprecatedImportWarning","filename":"/opt/airflow/dags/asn_pipeline_dag.py","lineno":2,"logger":"py.warnings"}
{"timestamp":"2026-02-20T17:10:02.229421Z","level":"info","event":"Filling up the DagBag from /opt/airflow/dags/asn_pipeline_dag.py","logger":"airflow.models.dagbag.DagBag","filename":"dagbag.py","lineno":593}
{"timestamp":"2026-02-20T17:10:02.294789Z","level":"warning","event":"The `airflow.operators.python.PythonOperator` attribute is deprecated. Please use `'airflow.providers.standard.operators.python.PythonOperator'`.","category":"DeprecatedImportWarning","filename":"/opt/airflow/dags/asn_pipeline_dag.py","lineno":2,"logger":"py.warnings"}
{"timestamp":"2026-02-20T17:10:32.542101Z","level":"info","event":"Filling up the DagBag from /opt/airflow/dags/asn_pipeline_dag.py","logger":"airflow.models.dagbag.DagBag","filename":"dagbag.py","lineno":593}
{"timestamp":"2026-02-20T17:10:32.594788Z","level":"warning","event":"The `airflow.operators.python.PythonOperator` attribute is deprecated. Please use `'airflow.providers.standard.operators.python.PythonOperator'`.","category":"DeprecatedImportWarning","filename":"/opt/airflow/dags/asn_pipeline_dag.py","lineno":2,"logger":"py.warnings"}
{"timestamp":"2026-02-20T17:11:02.827303Z","level":"info","event":"Filling up the DagBag from /opt/airflow/dags/asn_pipeline_dag.py","logger":"airflow.models.dagbag.DagBag","filename":"dagbag.py","lineno":593}
{"timestamp":"2026-02-20T17:11:02.891121Z","level":"warning","event":"The `airflow.operators.python.PythonOperator` attribute is deprecated. Please use `'airflow.providers.standard.operators.python.PythonOperator'`.","category":"DeprecatedImportWarning","filename":"/opt/airflow/dags/asn_pipeline_dag.py","lineno":2,"logger":"py.warnings"}
{"timestamp":"2026-02-20T17:11:33.064741Z","level":"info","event":"Filling up the DagBag from /opt/airflow/dags/asn_pipeline_dag.py","logger":"airflow.models.dagbag.DagBag","filename":"dagbag.py","lineno":593}
{"timestamp":"2026-02-20T17:11:33.112470Z","level":"warning","event":"The `airflow.operators.python.PythonOperator` attribute is deprecated. Please use `'airflow.providers.standard.operators.python.PythonOperator'`.","category":"DeprecatedImportWarning","filename":"/opt/airflow/dags/asn_pipeline_dag.py","lineno":2,"logger":"py.warnings"}
{"timestamp":"2026-02-20T17:12:03.243039Z","level":"info","event":"Filling up the DagBag from /opt/airflow/dags/asn_pipeline_dag.py","logger":"airflow.models.dagbag.DagBag","filename":"dagbag.py","lineno":593}
{"timestamp":"2026-02-20T17:12:03.289783Z","level":"warning","event":"The `airflow.operators.python.PythonOperator` attribute is deprecated. Please use `'airflow.providers.standard.operators.python.PythonOperator'`.","category":"DeprecatedImportWarning","filename":"/opt/airflow/dags/asn_pipeline_dag.py","lineno":2,"logger":"py.warnings"}
{"timestamp":"2026-02-20T17:12:34.033129Z","level":"info","event":"Filling up the DagBag from /opt/airflow/dags/asn_pipeline_dag.py","logger":"airflow.models.dagbag.DagBag","filename":"dagbag.py","lineno":593}
{"timestamp":"2026-02-20T17:12:34.095658Z","level":"warning","event":"The `airflow.operators.python.PythonOperator` attribute is deprecated. Please use `'airflow.providers.standard.operators.python.PythonOperator'`.","category":"DeprecatedImportWarning","filename":"/opt/airflow/dags/asn_pipeline_dag.py","lineno":2,"logger":"py.warnings"}
{"timestamp":"2026-02-20T17:13:04.477135Z","level":"info","event":"Filling up the DagBag from /opt/airflow/dags/asn_pipeline_dag.py","logger":"airflow.models.dagbag.DagBag","filename":"dagbag.py","lineno":593}
{"timestamp":"2026-02-20T17:13:04.531651Z","level":"warning","event":"The `airflow.operators.python.PythonOperator` attribute is deprecated. Please use `'airflow.providers.standard.operators.python.PythonOperator'`.","category":"DeprecatedImportWarning","filename":"/opt/airflow/dags/asn_pipeline_dag.py","lineno":2,"logger":"py.warnings"}
{"timestamp":"2026-02-20T17:15:02.898551Z","level":"info","event":"Filling up the DagBag from /opt/airflow/dags/asn_pipeline_dag.py","logger":"airflow.models.dagbag.DagBag","filename":"dagbag.py","lineno":593}
{"timestamp":"2026-02-20T17:15:02.995048Z","level":"warning","event":"The `airflow.operators.python.PythonOperator` attribute is deprecated. Please use `'airflow.providers.standard.operators.python.PythonOperator'`.","category":"DeprecatedImportWarning","filename":"/opt/airflow/dags/asn_pipeline_dag.py","lineno":2,"logger":"py.warnings"}
{"timestamp":"2026-02-20T17:15:34.117854Z","level":"info","event":"Filling up the DagBag from /opt/airflow/dags/asn_pipeline_dag.py","logger":"airflow.models.dagbag.DagBag","filename":"dagbag.py","lineno":593}
{"timestamp":"2026-02-20T17:15:34.216350Z","level":"warning","event":"The `airflow.operators.python.PythonOperator` attribute is deprecated. Please use `'airflow.providers.standard.operators.python.PythonOperator'`.","category":"DeprecatedImportWarning","filename":"/opt/airflow/dags/asn_pipeline_dag.py","lineno":2,"logger":"py.warnings"}
{"timestamp":"2026-02-20T17:16:04.465217Z","level":"info","event":"Filling up the DagBag from /opt/airflow/dags/asn_pipeline_dag.py","logger":"airflow.models.dagbag.DagBag","filename":"dagbag.py","lineno":593}
{"timestamp":"2026-02-20T17:16:04.580478Z","level":"warning","event":"The `airflow.operators.python.PythonOperator` attribute is deprecated. Please use `'airflow.providers.standard.operators.python.PythonOperator'`.","category":"DeprecatedImportWarning","filename":"/opt/airflow/dags/asn_pipeline_dag.py","lineno":2,"logger":"py.warnings"}
{"timestamp":"2026-02-20T17:16:35.352884Z","level":"info","event":"Filling up the DagBag from /opt/airflow/dags/asn_pipeline_dag.py","logger":"airflow.models.dagbag.DagBag","filename":"dagbag.py","lineno":593}
{"timestamp":"2026-02-20T17:16:35.435138Z","level":"warning","event":"The `airflow.operators.python.PythonOperator` attribute is deprecated. Please use `'airflow.providers.standard.operators.python.PythonOperator'`.","category":"DeprecatedImportWarning","filename":"/opt/airflow/dags/asn_pipeline_dag.py","lineno":2,"logger":"py.warnings"}
{"timestamp":"2026-02-20T17:17:06.410183Z","level":"info","event":"Filling up the DagBag from /opt/airflow/dags/asn_pipeline_dag.py","logger":"airflow.models.dagbag.DagBag","filename":"dagbag.py","lineno":593}
{"timestamp":"2026-02-20T17:17:06.596172Z","level":"warning","event":"The `airflow.operators.python.PythonOperator` attribute is deprecated. Please use `'airflow.providers.standard.operators.python.PythonOperator'`.","category":"DeprecatedImportWarning","filename":"/opt/airflow/dags/asn_pipeline_dag.py","lineno":2,"logger":"py.warnings"}
{"timestamp":"2026-02-20T17:17:37.506677Z","level":"info","event":"Filling up the DagBag from /opt/airflow/dags/asn_pipeline_dag.py","logger":"airflow.models.dagbag.DagBag","filename":"dagbag.py","lineno":593}
{"timestamp":"2026-02-20T17:17:37.604526Z","level":"warning","event":"The `airflow.operators.python.PythonOperator` attribute is deprecated. Please use `'airflow.providers.standard.operators.python.PythonOperator'`.","category":"DeprecatedImportWarning","filename":"/opt/airflow/dags/asn_pipeline_dag.py","lineno":2,"logger":"py.warnings"}
{"timestamp":"2026-02-20T17:18:08.347124Z","level":"info","event":"Filling up the DagBag from /opt/airflow/dags/asn_pipeline_dag.py","logger":"airflow.models.dagbag.DagBag","filename":"dagbag.py","lineno":593}
{"timestamp":"2026-02-20T17:18:08.394043Z","level":"warning","event":"The `airflow.operators.python.PythonOperator` attribute is deprecated. Please use `'airflow.providers.standard.operators.python.PythonOperator'`.","category":"DeprecatedImportWarning","filename":"/opt/airflow/dags/asn_pipeline_dag.py","lineno":2,"logger":"py.warnings"}
{"timestamp":"2026-02-20T17:18:39.201742Z","level":"info","event":"Filling up the DagBag from /opt/airflow/dags/asn_pipeline_dag.py","logger":"airflow.models.dagbag.DagBag","filename":"dagbag.py","lineno":593}
{"timestamp":"2026-02-20T17:18:39.258923Z","level":"warning","event":"The `airflow.operators.python.PythonOperator` attribute is deprecated. Please use `'airflow.providers.standard.operators.python.PythonOperator'`.","category":"DeprecatedImportWarning","filename":"/opt/airflow/dags/asn_pipeline_dag.py","lineno":2,"logger":"py.warnings"}
{"timestamp":"2026-02-20T17:19:10.005902Z","level":"info","event":"Filling up the DagBag from /opt/airflow/dags/asn_pipeline_dag.py","logger":"airflow.models.dagbag.DagBag","filename":"dagbag.py","lineno":593}
{"timestamp":"2026-02-20T17:19:10.064858Z","level":"warning","event":"The `airflow.operators.python.PythonOperator` attribute is deprecated. Please use `'airflow.providers.standard.operators.python.PythonOperator'`.","category":"DeprecatedImportWarning","filename":"/opt/airflow/dags/asn_pipeline_dag.py","lineno":2,"logger":"py.warnings"}
{"timestamp":"2026-02-20T17:19:40.762714Z","level":"info","event":"Filling up the DagBag from /opt/airflow/dags/asn_pipeline_dag.py","logger":"airflow.models.dagbag.DagBag","filename":"dagbag.py","lineno":593}
{"timestamp":"2026-02-20T17:19:40.851705Z","level":"warning","event":"The `airflow.operators.python.PythonOperator` attribute is deprecated. Please use `'airflow.providers.standard.operators.python.PythonOperator'`.","category":"DeprecatedImportWarning","filename":"/opt/airflow/dags/asn_pipeline_dag.py","lineno":2,"logger":"py.warnings"}
{"timestamp":"2026-02-20T17:20:11.084927Z","level":"info","event":"Filling up the DagBag from /opt/airflow/dags/asn_pipeline_dag.py","logger":"airflow.models.dagbag.DagBag","filename":"dagbag.py","lineno":593}
{"timestamp":"2026-02-20T17:20:11.151341Z","level":"warning","event":"The `airflow.operators.python.PythonOperator` attribute is deprecated. Please use `'airflow.providers.standard.operators.python.PythonOperator'`.","category":"DeprecatedImportWarning","filename":"/opt/airflow/dags/asn_pipeline_dag.py","lineno":2,"logger":"py.warnings"}
{"timestamp":"2026-02-20T17:20:41.387211Z","level":"info","event":"Filling up the DagBag from /opt/airflow/dags/asn_pipeline_dag.py","logger":"airflow.models.dagbag.DagBag","filename":"dagbag.py","lineno":593}
{"timestamp":"2026-02-20T17:20:41.484821Z","level":"warning","event":"The `airflow.operators.python.PythonOperator` attribute is deprecated. Please use `'airflow.providers.standard.operators.python.PythonOperator'`.","category":"DeprecatedImportWarning","filename":"/opt/airflow/dags/asn_pipeline_dag.py","lineno":2,"logger":"py.warnings"}
{"timestamp":"2026-02-20T17:21:12.039378Z","level":"info","event":"Filling up the DagBag from /opt/airflow/dags/asn_pipeline_dag.py","logger":"airflow.models.dagbag.DagBag","filename":"dagbag.py","lineno":593}
{"timestamp":"2026-02-20T17:21:12.090726Z","level":"warning","event":"The `airflow.operators.python.PythonOperator` attribute is deprecated. Please use `'airflow.providers.standard.operators.python.PythonOperator'`.","category":"DeprecatedImportWarning","filename":"/opt/airflow/dags/asn_pipeline_dag.py","lineno":2,"logger":"py.warnings"}
{"timestamp":"2026-02-20T17:21:43.015973Z","level":"info","event":"Filling up the DagBag from /opt/airflow/dags/asn_pipeline_dag.py","logger":"airflow.models.dagbag.DagBag","filename":"dagbag.py","lineno":593}
{"timestamp":"2026-02-20T17:21:43.148430Z","level":"warning","event":"The `airflow.operators.python.PythonOperator` attribute is deprecated. Please use `'airflow.providers.standard.operators.python.PythonOperator'`.","category":"DeprecatedImportWarning","filename":"/opt/airflow/dags/asn_pipeline_dag.py","lineno":2,"logger":"py.warnings"}
{"timestamp":"2026-02-20T17:22:13.289546Z","level":"info","event":"Filling up the DagBag from /opt/airflow/dags/asn_pipeline_dag.py","logger":"airflow.models.dagbag.DagBag","filename":"dagbag.py","lineno":593}
{"timestamp":"2026-02-20T17:22:13.328560Z","level":"warning","event":"The `airflow.operators.python.PythonOperator` attribute is deprecated. Please use `'airflow.providers.standard.operators.python.PythonOperator'`.","category":"DeprecatedImportWarning","filename":"/opt/airflow/dags/asn_pipeline_dag.py","lineno":2,"logger":"py.warnings"}
{"timestamp":"2026-02-20T17:22:43.980058Z","level":"info","event":"Filling up the DagBag from /opt/airflow/dags/asn_pipeline_dag.py","logger":"airflow.models.dagbag.DagBag","filename":"dagbag.py","lineno":593}
{"timestamp":"2026-02-20T17:22:44.138192Z","level":"warning","event":"The `airflow.operators.python.PythonOperator` attribute is deprecated. Please use `'airflow.providers.standard.operators.python.PythonOperator'`.","category":"DeprecatedImportWarning","filename":"/opt/airflow/dags/asn_pipeline_dag.py","lineno":2,"logger":"py.warnings"}
{"timestamp":"2026-02-20T17:23:14.906636Z","level":"info","event":"Filling up the DagBag from /opt/airflow/dags/asn_pipeline_dag.py","logger":"airflow.models.dagbag.DagBag","filename":"dagbag.py","lineno":593}
{"timestamp":"2026-02-20T17:23:14.992371Z","level":"warning","event":"The `airflow.operators.python.PythonOperator` attribute is deprecated. Please use `'airflow.providers.standard.operators.python.PythonOperator'`.","category":"DeprecatedImportWarning","filename":"/opt/airflow/dags/asn_pipeline_dag.py","lineno":2,"logger":"py.warnings"}
{"timestamp":"2026-02-20T17:23:45.906479Z","level":"info","event":"Filling up the DagBag from /opt/airflow/dags/asn_pipeline_dag.py","logger":"airflow.models.dagbag.DagBag","filename":"dagbag.py","lineno":593}
{"timestamp":"2026-02-20T17:23:45.965181Z","level":"warning","event":"The `airflow.operators.python.PythonOperator` attribute is deprecated. Please use `'airflow.providers.standard.operators.python.PythonOperator'`.","category":"DeprecatedImportWarning","filename":"/opt/airflow/dags/asn_pipeline_dag.py","lineno":2,"logger":"py.warnings"}
{"timestamp":"2026-02-20T17:25:27.439116Z","level":"info","event":"Filling up the DagBag from /opt/airflow/dags/asn_pipeline_dag.py","logger":"airflow.models.dagbag.DagBag","filename":"dagbag.py","lineno":593}
{"timestamp":"2026-02-20T17:25:27.528519Z","level":"warning","event":"The `airflow.operators.python.PythonOperator` attribute is deprecated. Please use `'airflow.providers.standard.operators.python.PythonOperator'`.","category":"DeprecatedImportWarning","filename":"/opt/airflow/dags/asn_pipeline_dag.py","lineno":2,"logger":"py.warnings"}
{"timestamp":"2026-02-20T17:25:58.494378Z","level":"info","event":"Filling up the DagBag from /opt/airflow/dags/asn_pipeline_dag.py","logger":"airflow.models.dagbag.DagBag","filename":"dagbag.py","lineno":593}
{"timestamp":"2026-02-20T17:25:58.557910Z","level":"warning","event":"The `airflow.operators.python.PythonOperator` attribute is deprecated. Please use `'airflow.providers.standard.operators.python.PythonOperator'`.","category":"DeprecatedImportWarning","filename":"/opt/airflow/dags/asn_pipeline_dag.py","lineno":2,"logger":"py.warnings"}
{"timestamp":"2026-02-20T17:26:29.120880Z","level":"info","event":"Filling up the DagBag from /opt/airflow/dags/asn_pipeline_dag.py","logger":"airflow.models.dagbag.DagBag","filename":"dagbag.py","lineno":593}
{"timestamp":"2026-02-20T17:26:29.299229Z","level":"warning","event":"The `airflow.operators.python.PythonOperator` attribute is deprecated. Please use `'airflow.providers.standard.operators.python.PythonOperator'`.","category":"DeprecatedImportWarning","filename":"/opt/airflow/dags/asn_pipeline_dag.py","lineno":2,"logger":"py.warnings"}
{"timestamp":"2026-02-20T17:27:01.414507Z","level":"info","event":"Filling up the DagBag from /opt/airflow/dags/asn_pipeline_dag.py","logger":"airflow.models.dagbag.DagBag","filename":"dagbag.py","lineno":593}
{"timestamp":"2026-02-20T17:27:01.532719Z","level":"warning","event":"The `airflow.operators.python.PythonOperator` attribute is deprecated. Please use `'airflow.providers.standard.operators.python.PythonOperator'`.","category":"DeprecatedImportWarning","filename":"/opt/airflow/dags/asn_pipeline_dag.py","lineno":2,"logger":"py.warnings"}
{"timestamp":"2026-02-20T17:27:31.854529Z","level":"info","event":"Filling up the DagBag from /opt/airflow/dags/asn_pipeline_dag.py","logger":"airflow.models.dagbag.DagBag","filename":"dagbag.py","lineno":593}
{"timestamp":"2026-02-20T17:27:31.953423Z","level":"warning","event":"The `airflow.operators.python.PythonOperator` attribute is deprecated. Please use `'airflow.providers.standard.operators.python.PythonOperator'`.","category":"DeprecatedImportWarning","filename":"/opt/airflow/dags/asn_pipeline_dag.py","lineno":2,"logger":"py.warnings"}
{"timestamp":"2026-02-20T17:28:02.289779Z","level":"info","event":"Filling up the DagBag from /opt/airflow/dags/asn_pipeline_dag.py","logger":"airflow.models.dagbag.DagBag","filename":"dagbag.py","lineno":593}
{"timestamp":"2026-02-20T17:28:02.351139Z","level":"warning","event":"The `airflow.operators.python.PythonOperator` attribute is deprecated. Please use `'airflow.providers.standard.operators.python.PythonOperator'`.","category":"DeprecatedImportWarning","filename":"/opt/airflow/dags/asn_pipeline_dag.py","lineno":2,"logger":"py.warnings"}
{"timestamp":"2026-02-20T17:28:32.602588Z","level":"info","event":"Filling up the DagBag from /opt/airflow/dags/asn_pipeline_dag.py","logger":"airflow.models.dagbag.DagBag","filename":"dagbag.py","lineno":593}
{"timestamp":"2026-02-20T17:28:32.671728Z","level":"warning","event":"The `airflow.operators.python.PythonOperator` attribute is deprecated. Please use `'airflow.providers.standard.operators.python.PythonOperator'`.","category":"DeprecatedImportWarning","filename":"/opt/airflow/dags/asn_pipeline_dag.py","lineno":2,"logger":"py.warnings"}
{"timestamp":"2026-02-20T17:29:03.462184Z","level":"info","event":"Filling up the DagBag from /opt/airflow/dags/asn_pipeline_dag.py","logger":"airflow.models.dagbag.DagBag","filename":"dagbag.py","lineno":593}
{"timestamp":"2026-02-20T17:29:03.563466Z","level":"warning","event":"The `airflow.operators.python.PythonOperator` attribute is deprecated. Please use `'airflow.providers.standard.operators.python.PythonOperator'`.","category":"DeprecatedImportWarning","filename":"/opt/airflow/dags/asn_pipeline_dag.py","lineno":2,"logger":"py.warnings"}
{"timestamp":"2026-02-20T17:29:36.610289Z","level":"info","event":"Filling up the DagBag from /opt/airflow/dags/asn_pipeline_dag.py","logger":"airflow.models.dagbag.DagBag","filename":"dagbag.py","lineno":593}
{"timestamp":"2026-02-20T17:29:36.707040Z","level":"warning","event":"The `airflow.operators.python.PythonOperator` attribute is deprecated. Please use `'airflow.providers.standard.operators.python.PythonOperator'`.","category":"DeprecatedImportWarning","filename":"/opt/airflow/dags/asn_pipeline_dag.py","lineno":2,"logger":"py.warnings"}
{"timestamp":"2026-02-20T17:30:06.870956Z","level":"info","event":"Filling up the DagBag from /opt/airflow/dags/asn_pipeline_dag.py","logger":"airflow.models.dagbag.DagBag","filename":"dagbag.py","lineno":593}
{"timestamp":"2026-02-20T17:30:06.918853Z","level":"warning","event":"The `airflow.operators.python.PythonOperator` attribute is deprecated. Please use `'airflow.providers.standard.operators.python.PythonOperator'`.","category":"DeprecatedImportWarning","filename":"/opt/airflow/dags/asn_pipeline_dag.py","lineno":2,"logger":"py.warnings"}
{"timestamp":"2026-02-20T17:30:37.743854Z","level":"info","event":"Filling up the DagBag from /opt/airflow/dags/asn_pipeline_dag.py","logger":"airflow.models.dagbag.DagBag","filename":"dagbag.py","lineno":593}
{"timestamp":"2026-02-20T17:30:37.818174Z","level":"warning","event":"The `airflow.operators.python.PythonOperator` attribute is deprecated. Please use `'airflow.providers.standard.operators.python.PythonOperator'`.","category":"DeprecatedImportWarning","filename":"/opt/airflow/dags/asn_pipeline_dag.py","lineno":2,"logger":"py.warnings"}
{"timestamp":"2026-02-20T17:31:08.927867Z","level":"info","event":"Filling up the DagBag from /opt/airflow/dags/asn_pipeline_dag.py","logger":"airflow.models.dagbag.DagBag","filename":"dagbag.py","lineno":593}
{"timestamp":"2026-02-20T17:31:09.011152Z","level":"warning","event":"The `airflow.operators.python.PythonOperator` attribute is deprecated. Please use `'airflow.providers.standard.operators.python.PythonOperator'`.","category":"DeprecatedImportWarning","filename":"/opt/airflow/dags/asn_pipeline_dag.py","lineno":2,"logger":"py.warnings"}
{"timestamp":"2026-02-20T17:31:39.475789Z","level":"info","event":"Filling up the DagBag from /opt/airflow/dags/asn_pipeline_dag.py","logger":"airflow.models.dagbag.DagBag","filename":"dagbag.py","lineno":593}
{"timestamp":"2026-02-20T17:31:39.537569Z","level":"warning","event":"The `airflow.operators.python.PythonOperator` attribute is deprecated. Please use `'airflow.providers.standard.operators.python.PythonOperator'`.","category":"DeprecatedImportWarning","filename":"/opt/airflow/dags/asn_pipeline_dag.py","lineno":2,"logger":"py.warnings"}
{"timestamp":"2026-02-20T17:32:09.692399Z","level":"info","event":"Filling up the DagBag from /opt/airflow/dags/asn_pipeline_dag.py","logger":"airflow.models.dagbag.DagBag","filename":"dagbag.py","lineno":593}
{"timestamp":"2026-02-20T17:32:09.734282Z","level":"warning","event":"The `airflow.operators.python.PythonOperator` attribute is deprecated. Please use `'airflow.providers.standard.operators.python.PythonOperator'`.","category":"DeprecatedImportWarning","filename":"/opt/airflow/dags/asn_pipeline_dag.py","lineno":2,"logger":"py.warnings"}
{"timestamp":"2026-02-20T17:32:40.805828Z","level":"info","event":"Filling up the DagBag from /opt/airflow/dags/asn_pipeline_dag.py","logger":"airflow.models.dagbag.DagBag","filename":"dagbag.py","lineno":593}
{"timestamp":"2026-02-20T17:32:40.865564Z","level":"warning","event":"The `airflow.operators.python.PythonOperator` attribute is deprecated. Please use `'airflow.providers.standard.operators.python.PythonOperator'`.","category":"DeprecatedImportWarning","filename":"/opt/airflow/dags/asn_pipeline_dag.py","lineno":2,"logger":"py.warnings"}
{"timestamp":"2026-02-20T17:33:11.447734Z","level":"info","event":"Filling up the DagBag from /opt/airflow/dags/asn_pipeline_dag.py","logger":"airflow.models.dagbag.DagBag","filename":"dagbag.py","lineno":593}
{"timestamp":"2026-02-20T17:33:11.502405Z","level":"warning","event":"The `airflow.operators.python.PythonOperator` attribute is deprecated. Please use `'airflow.providers.standard.operators.python.PythonOperator'`.","category":"DeprecatedImportWarning","filename":"/opt/airflow/dags/asn_pipeline_dag.py","lineno":2,"logger":"py.warnings"}
{"timestamp":"2026-02-20T18:08:57.333279Z","level":"info","event":"Filling up the DagBag from /opt/airflow/dags/asn_pipeline_dag.py","logger":"airflow.models.dagbag.DagBag","filename":"dagbag.py","lineno":593}
{"timestamp":"2026-02-20T18:08:57.468870Z","level":"warning","event":"The `airflow.operators.python.PythonOperator` attribute is deprecated. Please use `'airflow.providers.standard.operators.python.PythonOperator'`.","category":"DeprecatedImportWarning","filename":"/opt/airflow/dags/asn_pipeline_dag.py","lineno":2,"logger":"py.warnings"}
{"timestamp":"2026-02-20T18:09:28.331674Z","level":"info","event":"Filling up the DagBag from /opt/airflow/dags/asn_pipeline_dag.py","logger":"airflow.models.dagbag.DagBag","filename":"dagbag.py","lineno":593}
{"timestamp":"2026-02-20T18:09:28.450109Z","level":"warning","event":"The `airflow.operators.python.PythonOperator` attribute is deprecated. Please use `'airflow.providers.standard.operators.python.PythonOperator'`.","category":"DeprecatedImportWarning","filename":"/opt/airflow/dags/asn_pipeline_dag.py","lineno":2,"logger":"py.warnings"}
{"timestamp":"2026-02-20T18:09:59.253589Z","level":"info","event":"Filling up the DagBag from /opt/airflow/dags/asn_pipeline_dag.py","logger":"airflow.models.dagbag.DagBag","filename":"dagbag.py","lineno":593}
{"timestamp":"2026-02-20T18:09:59.303657Z","level":"warning","event":"The `airflow.operators.python.PythonOperator` attribute is deprecated. Please use `'airflow.providers.standard.operators.python.PythonOperator'`.","category":"DeprecatedImportWarning","filename":"/opt/airflow/dags/asn_pipeline_dag.py","lineno":2,"logger":"py.warnings"}
{"timestamp":"2026-02-20T18:10:29.480346Z","level":"info","event":"Filling up the DagBag from /opt/airflow/dags/asn_pipeline_dag.py","logger":"airflow.models.dagbag.DagBag","filename":"dagbag.py","lineno":593}
{"timestamp":"2026-02-20T18:10:29.549591Z","level":"warning","event":"The `airflow.operators.python.PythonOperator` attribute is deprecated. Please use `'airflow.providers.standard.operators.python.PythonOperator'`.","category":"DeprecatedImportWarning","filename":"/opt/airflow/dags/asn_pipeline_dag.py","lineno":2,"logger":"py.warnings"}
{"timestamp":"2026-02-20T18:11:00.460300Z","level":"info","event":"Filling up the DagBag from /opt/airflow/dags/asn_pipeline_dag.py","logger":"airflow.models.dagbag.DagBag","filename":"dagbag.py","lineno":593}
{"timestamp":"2026-02-20T18:11:00.516868Z","level":"warning","event":"The `airflow.operators.python.PythonOperator` attribute is deprecated. Please use `'airflow.providers.standard.operators.python.PythonOperator'`.","category":"DeprecatedImportWarning","filename":"/opt/airflow/dags/asn_pipeline_dag.py","lineno":2,"logger":"py.warnings"}
{"timestamp":"2026-02-20T18:11:30.990859Z","level":"info","event":"Filling up the DagBag from /opt/airflow/dags/asn_pipeline_dag.py","logger":"airflow.models.dagbag.DagBag","filename":"dagbag.py","lineno":593}
{"timestamp":"2026-02-20T18:11:31.039004Z","level":"warning","event":"The `airflow.operators.python.PythonOperator` attribute is deprecated. Please use `'airflow.providers.standard.operators.python.PythonOperator'`.","category":"DeprecatedImportWarning","filename":"/opt/airflow/dags/asn_pipeline_dag.py","lineno":2,"logger":"py.warnings"}
{"timestamp":"2026-02-20T18:12:01.800729Z","level":"info","event":"Filling up the DagBag from /opt/airflow/dags/asn_pipeline_dag.py","logger":"airflow.models.dagbag.DagBag","filename":"dagbag.py","lineno":593}
{"timestamp":"2026-02-20T18:12:01.848563Z","level":"warning","event":"The `airflow.operators.python.PythonOperator` attribute is deprecated. Please use `'airflow.providers.standard.operators.python.PythonOperator'`.","category":"DeprecatedImportWarning","filename":"/opt/airflow/dags/asn_pipeline_dag.py","lineno":2,"logger":"py.warnings"}
{"timestamp":"2026-02-20T18:12:32.110551Z","level":"info","event":"Filling up the DagBag from /opt/airflow/dags/asn_pipeline_dag.py","logger":"airflow.models.dagbag.DagBag","filename":"dagbag.py","lineno":593}
{"timestamp":"2026-02-20T18:12:32.157679Z","level":"warning","event":"The `airflow.operators.python.PythonOperator` attribute is deprecated. Please use `'airflow.providers.standard.operators.python.PythonOperator'`.","category":"DeprecatedImportWarning","filename":"/opt/airflow/dags/asn_pipeline_dag.py","lineno":2,"logger":"py.warnings"}
{"timestamp":"2026-02-20T18:13:02.994595Z","level":"info","event":"Filling up the DagBag from /opt/airflow/dags/asn_pipeline_dag.py","logger":"airflow.models.dagbag.DagBag","filename":"dagbag.py","lineno":593}
{"timestamp":"2026-02-20T18:13:03.047141Z","level":"warning","event":"The `airflow.operators.python.PythonOperator` attribute is deprecated. Please use `'airflow.providers.standard.operators.python.PythonOperator'`.","category":"DeprecatedImportWarning","filename":"/opt/airflow/dags/asn_pipeline_dag.py","lineno":2,"logger":"py.warnings"}
{"timestamp":"2026-02-20T18:13:33.312887Z","level":"info","event":"Filling up the DagBag from /opt/airflow/dags/asn_pipeline_dag.py","logger":"airflow.models.dagbag.DagBag","filename":"dagbag.py","lineno":593}
{"timestamp":"2026-02-20T18:13:33.435887Z","level":"warning","event":"The `airflow.operators.python.PythonOperator` attribute is deprecated. Please use `'airflow.providers.standard.operators.python.PythonOperator'`.","category":"DeprecatedImportWarning","filename":"/opt/airflow/dags/asn_pipeline_dag.py","lineno":2,"logger":"py.warnings"}
{"timestamp":"2026-02-20T18:14:04.023132Z","level":"info","event":"Filling up the DagBag from /opt/airflow/dags/asn_pipeline_dag.py","logger":"airflow.models.dagbag.DagBag","filename":"dagbag.py","lineno":593}
{"timestamp":"2026-02-20T18:14:04.070499Z","level":"warning","event":"The `airflow.operators.python.PythonOperator` attribute is deprecated. Please use `'airflow.providers.standard.operators.python.PythonOperator'`.","category":"DeprecatedImportWarning","filename":"/opt/airflow/dags/asn_pipeline_dag.py","lineno":2,"logger":"py.warnings"}
{"timestamp":"2026-02-20T18:14:34.225379Z","level":"info","event":"Filling up the DagBag from /opt/airflow/dags/asn_pipeline_dag.py","logger":"airflow.models.dagbag.DagBag","filename":"dagbag.py","lineno":593}
{"timestamp":"2026-02-20T18:14:34.256791Z","level":"warning","event":"The `airflow.operators.python.PythonOperator` attribute is deprecated. Please use `'airflow.providers.standard.operators.python.PythonOperator'`.","category":"DeprecatedImportWarning","filename":"/opt/airflow/dags/asn_pipeline_dag.py","lineno":2,"logger":"py.warnings"}
{"timestamp":"2026-02-20T18:16:34.703492Z","level":"info","event":"Filling up the DagBag from /opt/airflow/dags/asn_pipeline_dag.py","logger":"airflow.models.dagbag.DagBag","filename":"dagbag.py","lineno":593}
{"timestamp":"2026-02-20T18:16:34.813878Z","level":"error","event":"Failed to import: /opt/airflow/dags/asn_pipeline_dag.py","logger":"airflow.models.dagbag.DagBag","filename":"dagbag.py","lineno":415,"error_detail":[{"exc_type":"NameError","exc_value":"name 'fetch_asns' is not defined","exc_notes":[],"syntax_error":null,"is_cause":false,"frames":[{"filename":"/home/airflow/.local/lib/python3.12/site-packages/airflow/models/dagbag.py","lineno":405,"name":"parse"},{"filename":"<frozen importlib._bootstrap_external>","lineno":999,"name":"exec_module"},{"filename":"<frozen importlib._bootstrap>","lineno":488,"name":"_call_with_frames_removed"},{"filename":"/opt/airflow/dags/asn_pipeline_dag.py","lineno":17,"name":"<module>"}],"is_group":false,"exceptions":[]}]}
{"timestamp":"2026-02-20T18:16:34.823539Z","level":"warning","event":"The `airflow.operators.python.PythonOperator` attribute is deprecated. Please use `'airflow.providers.standard.operators.python.PythonOperator'`.","category":"DeprecatedImportWarning","filename":"/opt/airflow/dags/asn_pipeline_dag.py","lineno":2,"logger":"py.warnings"}
{"timestamp":"2026-02-20T18:17:05.456701Z","level":"info","event":"Filling up the DagBag from /opt/airflow/dags/asn_pipeline_dag.py","logger":"airflow.models.dagbag.DagBag","filename":"dagbag.py","lineno":593}
{"timestamp":"2026-02-20T18:17:05.527626Z","level":"error","event":"Failed to import: /opt/airflow/dags/asn_pipeline_dag.py","logger":"airflow.models.dagbag.DagBag","filename":"dagbag.py","lineno":415,"error_detail":[{"exc_type":"NameError","exc_value":"name 'fetch_asns' is not defined","exc_notes":[],"syntax_error":null,"is_cause":false,"frames":[{"filename":"/home/airflow/.local/lib/python3.12/site-packages/airflow/models/dagbag.py","lineno":405,"name":"parse"},{"filename":"<frozen importlib._bootstrap_external>","lineno":999,"name":"exec_module"},{"filename":"<frozen importlib._bootstrap>","lineno":488,"name":"_call_with_frames_removed"},{"filename":"/opt/airflow/dags/asn_pipeline_dag.py","lineno":17,"name":"<module>"}],"is_group":false,"exceptions":[]}]}
{"timestamp":"2026-02-20T18:17:05.533266Z","level":"warning","event":"The `airflow.operators.python.PythonOperator` attribute is deprecated. Please use `'airflow.providers.standard.operators.python.PythonOperator'`.","category":"DeprecatedImportWarning","filename":"/opt/airflow/dags/asn_pipeline_dag.py","lineno":2,"logger":"py.warnings"}
{"timestamp":"2026-02-20T18:17:35.709875Z","level":"info","event":"Filling up the DagBag from /opt/airflow/dags/asn_pipeline_dag.py","logger":"airflow.models.dagbag.DagBag","filename":"dagbag.py","lineno":593}
{"timestamp":"2026-02-20T18:17:35.764435Z","level":"error","event":"Failed to import: /opt/airflow/dags/asn_pipeline_dag.py","logger":"airflow.models.dagbag.DagBag","filename":"dagbag.py","lineno":415,"error_detail":[{"exc_type":"NameError","exc_value":"name 'fetch_asns' is not defined","exc_notes":[],"syntax_error":null,"is_cause":false,"frames":[{"filename":"/home/airflow/.local/lib/python3.12/site-packages/airflow/models/dagbag.py","lineno":405,"name":"parse"},{"filename":"<frozen importlib._bootstrap_external>","lineno":999,"name":"exec_module"},{"filename":"<frozen importlib._bootstrap>","lineno":488,"name":"_call_with_frames_removed"},{"filename":"/opt/airflow/dags/asn_pipeline_dag.py","lineno":17,"name":"<module>"}],"is_group":false,"exceptions":[]}]}
{"timestamp":"2026-02-20T18:17:35.770239Z","level":"warning","event":"The `airflow.operators.python.PythonOperator` attribute is deprecated. Please use `'airflow.providers.standard.operators.python.PythonOperator'`.","category":"DeprecatedImportWarning","filename":"/opt/airflow/dags/asn_pipeline_dag.py","lineno":2,"logger":"py.warnings"}
{"timestamp":"2026-02-20T18:18:06.156973Z","level":"info","event":"Filling up the DagBag from /opt/airflow/dags/asn_pipeline_dag.py","logger":"airflow.models.dagbag.DagBag","filename":"dagbag.py","lineno":593}
{"timestamp":"2026-02-20T18:18:06.233371Z","level":"error","event":"Failed to import: /opt/airflow/dags/asn_pipeline_dag.py","logger":"airflow.models.dagbag.DagBag","filename":"dagbag.py","lineno":415,"error_detail":[{"exc_type":"NameError","exc_value":"name 'fetch_asns' is not defined","exc_notes":[],"syntax_error":null,"is_cause":false,"frames":[{"filename":"/home/airflow/.local/lib/python3.12/site-packages/airflow/models/dagbag.py","lineno":405,"name":"parse"},{"filename":"<frozen importlib._bootstrap_external>","lineno":999,"name":"exec_module"},{"filename":"<frozen importlib._bootstrap>","lineno":488,"name":"_call_with_frames_removed"},{"filename":"/opt/airflow/dags/asn_pipeline_dag.py","lineno":17,"name":"<module>"}],"is_group":false,"exceptions":[]}]}
{"timestamp":"2026-02-20T18:18:06.245606Z","level":"warning","event":"The `airflow.operators.python.PythonOperator` attribute is deprecated. Please use `'airflow.providers.standard.operators.python.PythonOperator'`.","category":"DeprecatedImportWarning","filename":"/opt/airflow/dags/asn_pipeline_dag.py","lineno":2,"logger":"py.warnings"}
{"timestamp":"2026-02-20T18:18:13.503936Z","level":"info","event":"Filling up the DagBag from /opt/airflow/dags/asn_pipeline_dag.py","logger":"airflow.models.dagbag.DagBag","filename":"dagbag.py","lineno":593}
{"timestamp":"2026-02-20T18:18:13.624687Z","level":"warning","event":"The `airflow.operators.python.PythonOperator` attribute is deprecated. Please use `'airflow.providers.standard.operators.python.PythonOperator'`.","category":"DeprecatedImportWarning","filename":"/opt/airflow/dags/asn_pipeline_dag.py","lineno":2,"logger":"py.warnings"}
{"timestamp":"2026-02-20T18:18:15.993737Z","level":"info","event":"Filling up the DagBag from /opt/airflow/dags/asn_pipeline_dag.py","logger":"airflow.models.dagbag.DagBag","filename":"dagbag.py","lineno":593}
{"timestamp":"2026-02-20T18:18:16.090298Z","level":"warning","event":"The `airflow.operators.python.PythonOperator` attribute is deprecated. Please use `'airflow.providers.standard.operators.python.PythonOperator'`.","category":"DeprecatedImportWarning","filename":"/opt/airflow/dags/asn_pipeline_dag.py","lineno":2,"logger":"py.warnings"}
{"timestamp":"2026-02-20T18:19:54.237461Z","level":"info","event":"Filling up the DagBag from /opt/airflow/dags/asn_pipeline_dag.py","logger":"airflow.models.dagbag.DagBag","filename":"dagbag.py","lineno":593}
{"timestamp":"2026-02-20T18:19:54.312797Z","level":"warning","event":"The `airflow.operators.python.PythonOperator` attribute is deprecated. Please use `'airflow.providers.standard.operators.python.PythonOperator'`.","category":"DeprecatedImportWarning","filename":"/opt/airflow/dags/asn_pipeline_dag.py","lineno":2,"logger":"py.warnings"}
{"timestamp":"2026-02-20T18:20:25.080175Z","level":"info","event":"Filling up the DagBag from /opt/airflow/dags/asn_pipeline_dag.py","logger":"airflow.models.dagbag.DagBag","filename":"dagbag.py","lineno":593}
{"timestamp":"2026-02-20T18:20:25.127435Z","level":"warning","event":"The `airflow.operators.python.PythonOperator` attribute is deprecated. Please use `'airflow.providers.standard.operators.python.PythonOperator'`.","category":"DeprecatedImportWarning","filename":"/opt/airflow/dags/asn_pipeline_dag.py","lineno":2,"logger":"py.warnings"}
{"timestamp":"2026-02-20T18:20:55.768564Z","level":"info","event":"Filling up the DagBag from /opt/airflow/dags/asn_pipeline_dag.py","logger":"airflow.models.dagbag.DagBag","filename":"dagbag.py","lineno":593}
{"timestamp":"2026-02-20T18:20:55.822256Z","level":"warning","event":"The `airflow.operators.python.PythonOperator` attribute is deprecated. Please use `'airflow.providers.standard.operators.python.PythonOperator'`.","category":"DeprecatedImportWarning","filename":"/opt/airflow/dags/asn_pipeline_dag.py","lineno":2,"logger":"py.warnings"}
{"timestamp":"2026-02-20T18:21:26.132452Z","level":"info","event":"Filling up the DagBag from /opt/airflow/dags/asn_pipeline_dag.py","logger":"airflow.models.dagbag.DagBag","filename":"dagbag.py","lineno":593}
{"timestamp":"2026-02-20T18:21:26.197439Z","level":"warning","event":"The `airflow.operators.python.PythonOperator` attribute is deprecated. Please use `'airflow.providers.standard.operators.python.PythonOperator'`.","category":"DeprecatedImportWarning","filename":"/opt/airflow/dags/asn_pipeline_dag.py","lineno":2,"logger":"py.warnings"}
{"timestamp":"2026-02-20T18:21:56.978757Z","level":"info","event":"Filling up the DagBag from /opt/airflow/dags/asn_pipeline_dag.py","logger":"airflow.models.dagbag.DagBag","filename":"dagbag.py","lineno":593}
{"timestamp":"2026-02-20T18:21:57.083979Z","level":"warning","event":"The `airflow.operators.python.PythonOperator` attribute is deprecated. Please use `'airflow.providers.standard.operators.python.PythonOperator'`.","category":"DeprecatedImportWarning","filename":"/opt/airflow/dags/asn_pipeline_dag.py","lineno":2,"logger":"py.warnings"}
{"timestamp":"2026-02-20T18:22:27.406253Z","level":"info","event":"Filling up the DagBag from /opt/airflow/dags/asn_pipeline_dag.py","logger":"airflow.models.dagbag.DagBag","filename":"dagbag.py","lineno":593}
{"timestamp":"2026-02-20T18:22:27.460927Z","level":"warning","event":"The `airflow.operators.python.PythonOperator` attribute is deprecated. Please use `'airflow.providers.standard.operators.python.PythonOperator'`.","category":"DeprecatedImportWarning","filename":"/opt/airflow/dags/asn_pipeline_dag.py","lineno":2,"logger":"py.warnings"}
{"timestamp":"2026-02-20T18:22:57.994342Z","level":"info","event":"Filling up the DagBag from /opt/airflow/dags/asn_pipeline_dag.py","logger":"airflow.models.dagbag.DagBag","filename":"dagbag.py","lineno":593}
{"timestamp":"2026-02-20T18:22:58.055237Z","level":"warning","event":"The `airflow.operators.python.PythonOperator` attribute is deprecated. Please use `'airflow.providers.standard.operators.python.PythonOperator'`.","category":"DeprecatedImportWarning","filename":"/opt/airflow/dags/asn_pipeline_dag.py","lineno":2,"logger":"py.warnings"}
{"timestamp":"2026-02-20T18:23:28.710354Z","level":"info","event":"Filling up the DagBag from /opt/airflow/dags/asn_pipeline_dag.py","logger":"airflow.models.dagbag.DagBag","filename":"dagbag.py","lineno":593}
{"timestamp":"2026-02-20T18:23:28.780677Z","level":"warning","event":"The `airflow.operators.python.PythonOperator` attribute is deprecated. Please use `'airflow.providers.standard.operators.python.PythonOperator'`.","category":"DeprecatedImportWarning","filename":"/opt/airflow/dags/asn_pipeline_dag.py","lineno":2,"logger":"py.warnings"}
{"timestamp":"2026-02-20T18:23:59.193242Z","level":"info","event":"Filling up the DagBag from /opt/airflow/dags/asn_pipeline_dag.py","logger":"airflow.models.dagbag.DagBag","filename":"dagbag.py","lineno":593}
{"timestamp":"2026-02-20T18:23:59.231892Z","level":"warning","event":"The `airflow.operators.python.PythonOperator` attribute is deprecated. Please use `'airflow.providers.standard.operators.python.PythonOperator'`.","category":"DeprecatedImportWarning","filename":"/opt/airflow/dags/asn_pipeline_dag.py","lineno":2,"logger":"py.warnings"}
{"timestamp":"2026-02-20T18:24:29.716724Z","level":"info","event":"Filling up the DagBag from /opt/airflow/dags/asn_pipeline_dag.py","logger":"airflow.models.dagbag.DagBag","filename":"dagbag.py","lineno":593}
{"timestamp":"2026-02-20T18:24:29.760052Z","level":"warning","event":"The `airflow.operators.python.PythonOperator` attribute is deprecated. Please use `'airflow.providers.standard.operators.python.PythonOperator'`.","category":"DeprecatedImportWarning","filename":"/opt/airflow/dags/asn_pipeline_dag.py","lineno":2,"logger":"py.warnings"}
