{"timestamp":"2026-02-25T17:57:59.248028Z","level":"info","event":"DAG bundles loaded: dags-folder, example_dags","logger":"airflow.dag_processing.bundles.manager.DagBundlesManager","filename":"manager.py","lineno":179}
{"timestamp":"2026-02-25T17:57:59.253181Z","level":"info","event":"Filling up the DagBag from /opt/airflow/dags/asn_pipeline_dag.py","logger":"airflow.models.dagbag.DagBag","filename":"dagbag.py","lineno":593}
{"timestamp":"2026-02-25T17:57:59.434859Z","level":"info","event":"Task instance is in running state","logger":"task.stdout"}
{"timestamp":"2026-02-25T17:57:59.435683Z","level":"info","event":" Previous state of the Task instance: TaskInstanceState.QUEUED","logger":"task.stdout"}
{"timestamp":"2026-02-25T17:57:59.436799Z","level":"info","event":"Current task name:extract_asn","logger":"task.stdout"}
{"timestamp":"2026-02-25T17:57:59.437358Z","level":"info","event":"Dag name:asn_pipeline","logger":"task.stdout"}
{"timestamp":"2026-02-25T17:57:59.441729Z","level":"info","event":"Downloading: https://ftp.arin.net/pub/stats/arin/delegated-arin-extended-latest","logger":"task.stdout"}
{"timestamp":"2026-02-25T17:58:21.059366Z","level":"info","event":"Completed: https://ftp.arin.net/pub/stats/arin/delegated-arin-extended-latest","logger":"task.stdout"}
{"timestamp":"2026-02-25T17:58:21.060296Z","level":"info","event":"Downloading: https://ftp.ripe.net/pub/stats/ripencc/delegated-ripencc-extended-latest","logger":"task.stdout"}
{"timestamp":"2026-02-25T17:59:47.672291Z","level":"info","event":"Completed: https://ftp.ripe.net/pub/stats/ripencc/delegated-ripencc-extended-latest","logger":"task.stdout"}
{"timestamp":"2026-02-25T17:59:47.672647Z","level":"info","event":"Downloading: https://ftp.apnic.net/pub/stats/apnic/delegated-apnic-extended-latest","logger":"task.stdout"}
{"timestamp":"2026-02-25T17:59:57.905178Z","level":"info","event":"Completed: https://ftp.apnic.net/pub/stats/apnic/delegated-apnic-extended-latest","logger":"task.stdout"}
{"timestamp":"2026-02-25T17:59:57.905886Z","level":"info","event":"Downloading: https://ftp.lacnic.net/pub/stats/lacnic/delegated-lacnic-extended-latest","logger":"task.stdout"}
{"timestamp":"2026-02-25T18:00:03.034914Z","level":"info","event":"Completed: https://ftp.lacnic.net/pub/stats/lacnic/delegated-lacnic-extended-latest","logger":"task.stdout"}
{"timestamp":"2026-02-25T18:00:03.035717Z","level":"info","event":"Downloading: https://ftp.afrinic.net/pub/stats/afrinic/delegated-afrinic-extended-latest","logger":"task.stdout"}
{"timestamp":"2026-02-25T18:00:14.647085Z","level":"warning","event":"Retrying (Retry(total=4, connect=None, read=None, redirect=None, status=None)) after connection broken by 'ReadTimeoutError(\"HTTPSConnectionPool(host='ftp.afrinic.net', port=443): Read timed out. (read timeout=10)\")': /pub/stats/afrinic/delegated-afrinic-extended-latest","logger":"urllib3.connectionpool","filename":"connectionpool.py","lineno":868}
{"timestamp":"2026-02-25T18:03:22.493989Z","level":"info","event":"Completed: https://ftp.afrinic.net/pub/stats/afrinic/delegated-afrinic-extended-latest","logger":"task.stdout"}
{"timestamp":"2026-02-25T18:03:22.495482Z","level":"info","event":"Total ASNs fetched: 134142","logger":"task.stdout"}
{"timestamp":"2026-02-25T18:03:22.614109Z","level":"info","event":"Done. Returned value was: 134142","logger":"airflow.task.operators.airflow.providers.standard.operators.python.PythonOperator","filename":"python.py","lineno":216}
{"timestamp":"2026-02-25T18:03:22.619933Z","level":"info","event":"Pushing xcom","ti":"RuntimeTaskInstance(id=UUID('019c95f2-daff-7ff5-a46f-7bd4cbd782e7'), task_id='extract_asn', dag_id='asn_pipeline', run_id='manual__2026-02-25T17:57:25+00:00', try_number=1, dag_version_id=UUID('019c95f1-b050-7203-bab3-8ac760049ef4'), map_index=-1, hostname='1d5d2dfaaae0', context_carrier={}, task=<Task(PythonOperator): extract_asn>, bundle_instance=LocalDagBundle(name=dags-folder), max_tries=0, start_date=datetime.datetime(2026, 2, 25, 17, 57, 48, 227821, tzinfo=datetime.timezone.utc), end_date=None, state=<TaskInstanceState.RUNNING: 'running'>, is_mapped=False, rendered_map_index=None)","logger":"task","filename":"task_runner.py","lineno":1450}
{"timestamp":"2026-02-25T18:03:22.666615Z","level":"info","event":"Task instance in success state","logger":"task.stdout"}
{"timestamp":"2026-02-25T18:03:22.667040Z","level":"info","event":" Previous state of the Task instance: TaskInstanceState.RUNNING","logger":"task.stdout"}
{"timestamp":"2026-02-25T18:03:22.672825Z","level":"info","event":"Task operator:<Task(PythonOperator): extract_asn>","logger":"task.stdout"}
