{"timestamp":"2026-02-21T08:19:32.092683Z","level":"info","event":"DAG bundles loaded: dags-folder, example_dags","logger":"airflow.dag_processing.bundles.manager.DagBundlesManager","filename":"manager.py","lineno":179}
{"timestamp":"2026-02-21T08:19:32.094963Z","level":"info","event":"Filling up the DagBag from /opt/airflow/dags/asn_pipeline_dag.py","logger":"airflow.models.dagbag.DagBag","filename":"dagbag.py","lineno":593}
{"timestamp":"2026-02-21T08:19:32.144444Z","level":"warning","event":"The `airflow.operators.python.PythonOperator` attribute is deprecated. Please use `'airflow.providers.standard.operators.python.PythonOperator'`.","category":"DeprecatedImportWarning","filename":"/opt/airflow/dags/asn_pipeline_dag.py","lineno":2,"logger":"py.warnings"}
{"timestamp":"2026-02-21T09:16:00.405699Z","level":"info","event":"DAG bundles loaded: dags-folder, example_dags","logger":"airflow.dag_processing.bundles.manager.DagBundlesManager","filename":"manager.py","lineno":179}
{"timestamp":"2026-02-21T09:16:00.410515Z","level":"info","event":"Filling up the DagBag from /opt/airflow/dags/asn_pipeline_dag.py","logger":"airflow.models.dagbag.DagBag","filename":"dagbag.py","lineno":593}
{"timestamp":"2026-02-21T09:16:00.547422Z","level":"info","event":"Task instance is in running state","logger":"task.stdout"}
{"timestamp":"2026-02-21T09:16:00.553013Z","level":"info","event":" Previous state of the Task instance: TaskInstanceState.QUEUED","logger":"task.stdout"}
{"timestamp":"2026-02-21T09:16:00.557183Z","level":"info","event":"Current task name:extract_asn","logger":"task.stdout"}
{"timestamp":"2026-02-21T09:16:00.558656Z","level":"info","event":"Dag name:asn_pipeline","logger":"task.stdout"}
{"timestamp":"2026-02-21T09:16:00.560402Z","level":"info","event":"Downloading: https://ftp.arin.net/pub/stats/arin/delegated-arin-extended-latest","logger":"task.stdout"}
{"timestamp":"2026-02-21T09:16:57.035607Z","level":"info","event":"Completed: https://ftp.arin.net/pub/stats/arin/delegated-arin-extended-latest","logger":"task.stdout"}
{"timestamp":"2026-02-21T09:16:57.037150Z","level":"info","event":"Downloading: https://ftp.ripe.net/pub/stats/ripencc/delegated-ripencc-extended-latest","logger":"task.stdout"}
{"timestamp":"2026-02-21T09:17:16.241557Z","level":"warning","event":"Retrying (Retry(total=4, connect=None, read=None, redirect=None, status=None)) after connection broken by 'RemoteDisconnected('Remote end closed connection without response')': /pub/stats/ripencc/delegated-ripencc-extended-latest","logger":"urllib3.connectionpool","filename":"connectionpool.py","lineno":868}
{"timestamp":"2026-02-21T09:17:45.296207Z","level":"info","event":"ChunkedEncodingError for https://ftp.ripe.net/pub/stats/ripencc/delegated-ripencc-extended-latest, retry 1/5: ('Connection broken: IncompleteRead(884449 bytes read, 16854306 more expected)', IncompleteRead(884449 bytes read, 16854306 more expected))","logger":"task.stdout"}
{"timestamp":"2026-02-21T09:18:34.982885Z","level":"info","event":"ChunkedEncodingError for https://ftp.ripe.net/pub/stats/ripencc/delegated-ripencc-extended-latest, retry 2/5: ('Connection broken: IncompleteRead(3817185 bytes read, 13921570 more expected)', IncompleteRead(3817185 bytes read, 13921570 more expected))","logger":"task.stdout"}
{"timestamp":"2026-02-21T09:18:53.652163Z","level":"warning","event":"Retrying (Retry(total=4, connect=None, read=None, redirect=None, status=None)) after connection broken by 'RemoteDisconnected('Remote end closed connection without response')': /pub/stats/ripencc/delegated-ripencc-extended-latest","logger":"urllib3.connectionpool","filename":"connectionpool.py","lineno":868}
{"timestamp":"2026-02-21T09:19:17.471646Z","level":"warning","event":"Retrying (Retry(total=3, connect=None, read=None, redirect=None, status=None)) after connection broken by 'RemoteDisconnected('Remote end closed connection without response')': /pub/stats/ripencc/delegated-ripencc-extended-latest","logger":"urllib3.connectionpool","filename":"connectionpool.py","lineno":868}
{"timestamp":"2026-02-21T09:20:17.311629Z","level":"info","event":"ChunkedEncodingError for https://ftp.ripe.net/pub/stats/ripencc/delegated-ripencc-extended-latest, retry 3/5: ('Connection broken: IncompleteRead(3391201 bytes read, 14347554 more expected)', IncompleteRead(3391201 bytes read, 14347554 more expected))","logger":"task.stdout"}
{"timestamp":"2026-02-21T09:21:16.133635Z","level":"info","event":"ChunkedEncodingError for https://ftp.ripe.net/pub/stats/ripencc/delegated-ripencc-extended-latest, retry 4/5: ('Connection broken: IncompleteRead(835297 bytes read, 16903458 more expected)', IncompleteRead(835297 bytes read, 16903458 more expected))","logger":"task.stdout"}
{"timestamp":"2026-02-21T09:21:58.009494Z","level":"warning","event":"Retrying (Retry(total=4, connect=None, read=None, redirect=None, status=None)) after connection broken by 'RemoteDisconnected('Remote end closed connection without response')': /pub/stats/ripencc/delegated-ripencc-extended-latest","logger":"urllib3.connectionpool","filename":"connectionpool.py","lineno":868}
{"timestamp":"2026-02-21T09:22:13.498593Z","level":"info","event":"ChunkedEncodingError for https://ftp.ripe.net/pub/stats/ripencc/delegated-ripencc-extended-latest, retry 5/5: ('Connection broken: IncompleteRead(48865 bytes read, 17689890 more expected)', IncompleteRead(48865 bytes read, 17689890 more expected))","logger":"task.stdout"}
{"timestamp":"2026-02-21T09:22:18.499342Z","level":"info","event":"Downloading: https://ftp.apnic.net/pub/stats/apnic/delegated-apnic-extended-latest","logger":"task.stdout"}
{"timestamp":"2026-02-21T09:22:26.499560Z","level":"info","event":"Completed: https://ftp.apnic.net/pub/stats/apnic/delegated-apnic-extended-latest","logger":"task.stdout"}
{"timestamp":"2026-02-21T09:22:26.500742Z","level":"info","event":"Downloading: https://ftp.lacnic.net/pub/stats/lacnic/delegated-lacnic-extended-latest","logger":"task.stdout"}
{"timestamp":"2026-02-21T09:22:31.649980Z","level":"info","event":"Completed: https://ftp.lacnic.net/pub/stats/lacnic/delegated-lacnic-extended-latest","logger":"task.stdout"}
{"timestamp":"2026-02-21T09:22:31.650779Z","level":"info","event":"Downloading: https://ftp.afrinic.net/pub/stats/afrinic/delegated-afrinic-extended-latest","logger":"task.stdout"}
{"timestamp":"2026-02-21T09:24:35.302370Z","level":"info","event":"ChunkedEncodingError for https://ftp.afrinic.net/pub/stats/afrinic/delegated-afrinic-extended-latest, retry 1/5: ('Connection broken: IncompleteRead(311296 bytes read, 612951 more expected)', IncompleteRead(311296 bytes read, 612951 more expected))","logger":"task.stdout"}
{"timestamp":"2026-02-21T09:26:25.100027Z","level":"info","event":"Completed: https://ftp.afrinic.net/pub/stats/afrinic/delegated-afrinic-extended-latest","logger":"task.stdout"}
{"timestamp":"2026-02-21T16:20:48.797604Z","level":"info","event":"DAG bundles loaded: dags-folder, example_dags","logger":"airflow.dag_processing.bundles.manager.DagBundlesManager","filename":"manager.py","lineno":179}
{"timestamp":"2026-02-21T16:20:48.803739Z","level":"info","event":"Filling up the DagBag from /opt/airflow/dags/asn_pipeline_dag.py","logger":"airflow.models.dagbag.DagBag","filename":"dagbag.py","lineno":593}
{"timestamp":"2026-02-21T16:20:48.884056Z","level":"error","event":"Failed to import: /opt/airflow/dags/asn_pipeline_dag.py","logger":"airflow.models.dagbag.DagBag","filename":"dagbag.py","lineno":415,"error_detail":[{"exc_type":"OSError","exc_value":"[Errno 12] Cannot allocate memory: '/opt/airflow/dags'","exc_notes":[],"syntax_error":null,"is_cause":false,"frames":[{"filename":"/home/airflow/.local/lib/python3.12/site-packages/airflow/models/dagbag.py","lineno":405,"name":"parse"},{"filename":"<frozen importlib._bootstrap_external>","lineno":999,"name":"exec_module"},{"filename":"<frozen importlib._bootstrap>","lineno":488,"name":"_call_with_frames_removed"},{"filename":"/opt/airflow/dags/asn_pipeline_dag.py","lineno":5,"name":"<module>"},{"filename":"<frozen importlib._bootstrap>","lineno":1360,"name":"_find_and_load"},{"filename":"<frozen importlib._bootstrap>","lineno":1322,"name":"_find_and_load_unlocked"},{"filename":"<frozen importlib._bootstrap>","lineno":1262,"name":"_find_spec"},{"filename":"<frozen importlib._bootstrap_external>","lineno":1532,"name":"find_spec"},{"filename":"<frozen importlib._bootstrap_external>","lineno":1506,"name":"_get_spec"},{"filename":"<frozen importlib._bootstrap_external>","lineno":1609,"name":"find_spec"},{"filename":"<frozen importlib._bootstrap_external>","lineno":1652,"name":"_fill_cache"}],"is_group":false,"exceptions":[]}]}
{"timestamp":"2026-02-21T16:20:48.891834Z","level":"error","event":"Dag not found during start up","dag_id":"asn_pipeline","bundle":"BundleInfo(name='dags-folder', version=None)","path":"asn_pipeline_dag.py","logger":"task","filename":"task_runner.py","lineno":638}
{"timestamp":"2026-02-21T16:20:48.914480Z","level":"warning","event":"Process exited abnormally","exit_code":1,"logger":"task"}
{"timestamp":"2026-02-21T17:16:13.428028Z","level":"info","event":"DAG bundles loaded: dags-folder, example_dags","logger":"airflow.dag_processing.bundles.manager.DagBundlesManager","filename":"manager.py","lineno":179}
{"timestamp":"2026-02-21T17:16:13.429071Z","level":"info","event":"Filling up the DagBag from /opt/airflow/dags/asn_pipeline_dag.py","logger":"airflow.models.dagbag.DagBag","filename":"dagbag.py","lineno":593}
{"timestamp":"2026-02-21T17:16:13.479454Z","level":"info","event":"Task instance is in running state","logger":"task.stdout"}
{"timestamp":"2026-02-21T17:16:13.479881Z","level":"info","event":" Previous state of the Task instance: TaskInstanceState.QUEUED","logger":"task.stdout"}
{"timestamp":"2026-02-21T17:16:13.480220Z","level":"info","event":"Current task name:extract_asn","logger":"task.stdout"}
{"timestamp":"2026-02-21T17:16:13.480445Z","level":"info","event":"Dag name:asn_pipeline","logger":"task.stdout"}
{"timestamp":"2026-02-21T17:16:13.483610Z","level":"info","event":"Downloading: https://ftp.arin.net/pub/stats/arin/delegated-arin-extended-latest","logger":"task.stdout"}
{"timestamp":"2026-02-21T17:16:34.578042Z","level":"info","event":"Completed: https://ftp.arin.net/pub/stats/arin/delegated-arin-extended-latest","logger":"task.stdout"}
{"timestamp":"2026-02-21T17:16:34.578432Z","level":"info","event":"Downloading: https://ftp.ripe.net/pub/stats/ripencc/delegated-ripencc-extended-latest","logger":"task.stdout"}
{"timestamp":"2026-02-21T17:20:50.127971Z","level":"info","event":"Completed: https://ftp.ripe.net/pub/stats/ripencc/delegated-ripencc-extended-latest","logger":"task.stdout"}
{"timestamp":"2026-02-21T17:20:50.129913Z","level":"info","event":"Downloading: https://ftp.apnic.net/pub/stats/apnic/delegated-apnic-extended-latest","logger":"task.stdout"}
{"timestamp":"2026-02-21T17:20:56.520139Z","level":"info","event":"Completed: https://ftp.apnic.net/pub/stats/apnic/delegated-apnic-extended-latest","logger":"task.stdout"}
{"timestamp":"2026-02-21T17:20:56.521616Z","level":"info","event":"Downloading: https://ftp.lacnic.net/pub/stats/lacnic/delegated-lacnic-extended-latest","logger":"task.stdout"}
{"timestamp":"2026-02-21T17:23:06.617691Z","level":"info","event":"Completed: https://ftp.lacnic.net/pub/stats/lacnic/delegated-lacnic-extended-latest","logger":"task.stdout"}
{"timestamp":"2026-02-21T17:23:06.618887Z","level":"info","event":"Downloading: https://ftp.afrinic.net/pub/stats/afrinic/delegated-afrinic-extended-latest","logger":"task.stdout"}
{"timestamp":"2026-02-21T17:54:54.153453Z","level":"info","event":"DAG bundles loaded: dags-folder, example_dags","logger":"airflow.dag_processing.bundles.manager.DagBundlesManager","filename":"manager.py","lineno":179}
{"timestamp":"2026-02-21T17:54:54.154886Z","level":"info","event":"Filling up the DagBag from /opt/airflow/dags/asn_pipeline_dag.py","logger":"airflow.models.dagbag.DagBag","filename":"dagbag.py","lineno":593}
{"timestamp":"2026-02-21T17:54:54.225427Z","level":"info","event":"Task instance is in running state","logger":"task.stdout"}
{"timestamp":"2026-02-21T17:54:54.230588Z","level":"info","event":" Previous state of the Task instance: TaskInstanceState.QUEUED","logger":"task.stdout"}
{"timestamp":"2026-02-21T17:54:54.231852Z","level":"info","event":"Current task name:extract_asn","logger":"task.stdout"}
{"timestamp":"2026-02-21T17:54:54.232381Z","level":"info","event":"Dag name:asn_pipeline","logger":"task.stdout"}
{"timestamp":"2026-02-21T17:54:54.232802Z","level":"info","event":"Downloading: https://ftp.arin.net/pub/stats/arin/delegated-arin-extended-latest","logger":"task.stdout"}
{"timestamp":"2026-02-21T17:55:16.842764Z","level":"info","event":"Completed: https://ftp.arin.net/pub/stats/arin/delegated-arin-extended-latest","logger":"task.stdout"}
{"timestamp":"2026-02-21T17:55:16.843485Z","level":"info","event":"Downloading: https://ftp.ripe.net/pub/stats/ripencc/delegated-ripencc-extended-latest","logger":"task.stdout"}
{"timestamp":"2026-02-21T17:55:30.287094Z","level":"info","event":"Failed to download https://ftp.ripe.net/pub/stats/ripencc/delegated-ripencc-extended-latest: ('Connection broken: IncompleteRead(16097 bytes read, 17722658 more expected)', IncompleteRead(16097 bytes read, 17722658 more expected))","logger":"task.stdout"}
{"timestamp":"2026-02-21T17:55:30.288322Z","level":"info","event":"Downloading: https://ftp.apnic.net/pub/stats/apnic/delegated-apnic-extended-latest","logger":"task.stdout"}
{"timestamp":"2026-02-21T17:55:46.620190Z","level":"info","event":"Completed: https://ftp.apnic.net/pub/stats/apnic/delegated-apnic-extended-latest","logger":"task.stdout"}
{"timestamp":"2026-02-21T17:55:46.621005Z","level":"info","event":"Downloading: https://ftp.lacnic.net/pub/stats/lacnic/delegated-lacnic-extended-latest","logger":"task.stdout"}
{"timestamp":"2026-02-21T17:56:11.229075Z","level":"info","event":"Completed: https://ftp.lacnic.net/pub/stats/lacnic/delegated-lacnic-extended-latest","logger":"task.stdout"}
{"timestamp":"2026-02-21T17:56:11.229646Z","level":"info","event":"Downloading: https://ftp.afrinic.net/pub/stats/afrinic/delegated-afrinic-extended-latest","logger":"task.stdout"}
{"timestamp":"2026-02-21T17:58:49.522012Z","level":"critical","event":"Process terminated by signal. Likely out of memory error (OOM). For more information, see https://airflow.apache.org/docs/apache-airflow/stable/troubleshooting.html#process-terminated-by-signal.","signal":-9,"signal_name":"SIGKILL","logger":"task"}
