{"timestamp":"2026-02-21T16:09:10.778232Z","level":"info","event":"DAG bundles loaded: dags-folder, example_dags","logger":"airflow.dag_processing.bundles.manager.DagBundlesManager","filename":"manager.py","lineno":179}
{"timestamp":"2026-02-21T16:09:10.780888Z","level":"info","event":"Filling up the DagBag from /opt/airflow/dags/asn_pipeline_dag.py","logger":"airflow.models.dagbag.DagBag","filename":"dagbag.py","lineno":593}
{"timestamp":"2026-02-21T16:09:11.038136Z","level":"info","event":"Task instance is in running state","logger":"task.stdout"}
{"timestamp":"2026-02-21T16:09:11.042678Z","level":"info","event":" Previous state of the Task instance: TaskInstanceState.QUEUED","logger":"task.stdout"}
{"timestamp":"2026-02-21T16:09:11.047030Z","level":"info","event":"Current task name:extract_asn","logger":"task.stdout"}
{"timestamp":"2026-02-21T16:09:11.047976Z","level":"info","event":"Dag name:asn_pipeline","logger":"task.stdout"}
{"timestamp":"2026-02-21T16:09:11.050126Z","level":"info","event":"Downloading: https://ftp.arin.net/pub/stats/arin/delegated-arin-extended-latest","logger":"task.stdout"}
{"timestamp":"2026-02-21T16:09:25.161661Z","level":"info","event":"Completed: https://ftp.arin.net/pub/stats/arin/delegated-arin-extended-latest","logger":"task.stdout"}
{"timestamp":"2026-02-21T16:09:25.164220Z","level":"info","event":"Downloading: https://ftp.ripe.net/pub/stats/ripencc/delegated-ripencc-extended-latest","logger":"task.stdout"}
{"timestamp":"2026-02-21T16:10:20.699892Z","level":"info","event":"ChunkedEncodingError for https://ftp.ripe.net/pub/stats/ripencc/delegated-ripencc-extended-latest, retry 1/5: ('Connection broken: IncompleteRead(7290593 bytes read, 10448162 more expected)', IncompleteRead(7290593 bytes read, 10448162 more expected))","logger":"task.stdout"}
{"timestamp":"2026-02-21T16:10:37.962960Z","level":"info","event":"ChunkedEncodingError for https://ftp.ripe.net/pub/stats/ripencc/delegated-ripencc-extended-latest, retry 2/5: ('Connection broken: IncompleteRead(32481 bytes read, 17706274 more expected)', IncompleteRead(32481 bytes read, 17706274 more expected))","logger":"task.stdout"}
{"timestamp":"2026-02-21T16:10:53.757849Z","level":"info","event":"ChunkedEncodingError for https://ftp.ripe.net/pub/stats/ripencc/delegated-ripencc-extended-latest, retry 3/5: ('Connection broken: IncompleteRead(32481 bytes read, 17706274 more expected)', IncompleteRead(32481 bytes read, 17706274 more expected))","logger":"task.stdout"}
{"timestamp":"2026-02-21T16:12:22.209057Z","level":"info","event":"ChunkedEncodingError for https://ftp.ripe.net/pub/stats/ripencc/delegated-ripencc-extended-latest, retry 4/5: ('Connection broken: IncompleteRead(10125025 bytes read, 7613730 more expected)', IncompleteRead(10125025 bytes read, 7613730 more expected))","logger":"task.stdout"}
{"timestamp":"2026-02-21T16:13:29.878031Z","level":"info","event":"ChunkedEncodingError for https://ftp.ripe.net/pub/stats/ripencc/delegated-ripencc-extended-latest, retry 5/5: ('Connection broken: IncompleteRead(15089377 bytes read, 2649378 more expected)', IncompleteRead(15089377 bytes read, 2649378 more expected))","logger":"task.stdout"}
{"timestamp":"2026-02-21T16:13:34.878322Z","level":"info","event":"Downloading: https://ftp.apnic.net/pub/stats/apnic/delegated-apnic-extended-latest","logger":"task.stdout"}
{"timestamp":"2026-02-21T16:13:43.545220Z","level":"info","event":"Completed: https://ftp.apnic.net/pub/stats/apnic/delegated-apnic-extended-latest","logger":"task.stdout"}
{"timestamp":"2026-02-21T16:13:43.550190Z","level":"info","event":"Downloading: https://ftp.lacnic.net/pub/stats/lacnic/delegated-lacnic-extended-latest","logger":"task.stdout"}
{"timestamp":"2026-02-21T16:13:50.964766Z","level":"info","event":"Completed: https://ftp.lacnic.net/pub/stats/lacnic/delegated-lacnic-extended-latest","logger":"task.stdout"}
{"timestamp":"2026-02-21T16:13:50.965879Z","level":"info","event":"Downloading: https://ftp.afrinic.net/pub/stats/afrinic/delegated-afrinic-extended-latest","logger":"task.stdout"}
{"timestamp":"2026-02-21T16:15:55.035590Z","level":"info","event":"Completed: https://ftp.afrinic.net/pub/stats/afrinic/delegated-afrinic-extended-latest","logger":"task.stdout"}
